#
# There is insufficient memory for the Java Runtime Environment to continue.
# Native memory allocation (malloc) failed to allocate 32744 bytes for ChunkPool::allocate
# Possible reasons:
#   The system is out of physical RAM or swap space
#   The process is running with CompressedOops enabled, and the Java Heap may be blocking the growth of the native heap
# Possible solutions:
#   Reduce memory load on the system
#   Increase physical memory or swap space
#   Check if swap backing store is full
#   Decrease Java heap size (-Xmx/-Xms)
#   Decrease number of Java threads
#   Decrease Java thread stack sizes (-Xss)
#   Set larger code cache with -XX:ReservedCodeCacheSize=
#   JVM is running with Unscaled Compressed Oops mode in which the Java heap is
#     placed in the first 4GB address space. The Java Heap base address is the
#     maximum limit for the native heap growth. Please use -XX:HeapBaseMinAddress
#     to set the Java Heap base and to place the Java Heap above 4GB virtual address.
# This output file may be truncated or incomplete.
#
#  Out of Memory Error (./open/src/hotspot/share/memory/arena.cpp:79), pid=46232, tid=12120
#
# JRE version: OpenJDK Runtime Environment (15.0.2+7) (build 15.0.2+7-27)
# Java VM: OpenJDK 64-Bit Server VM (15.0.2+7-27, mixed mode, tiered, compressed oops, g1 gc, windows-amd64)
# No core dump will be written. Minidumps are not enabled by default on client versions of Windows
#

---------------  S U M M A R Y ------------

Command Line: -Dosgi.requiredJavaVersion=11 -Dosgi.instance.area.default=@user.home/eclipse-workspace -XX:+UseG1GC -XX:+UseStringDeduplication --add-modules=ALL-SYSTEM -Dosgi.requiredJavaVersion=11 -Dosgi.dataAreaRequiresExplicitInit=true -Xms256m -Xmx2048m --add-modules=ALL-SYSTEM -Declipse.p2.max.threads=10 -Doomph.update.url=http://download.eclipse.org/oomph/updates/milestone/latest -Doomph.redirection.index.redirection=index:/->http://git.eclipse.org/c/oomph/org.eclipse.oomph.git/plain/setups/ Eclipse

Host: Intel(R) Core(TM) i5-3470 CPU @ 3.20GHz, 4 cores, 7G,  Windows 10 , 64 bit Build 19041 (10.0.19041.1348)
Time: Mon Feb  7 11:42:21 2022 Hora oficial do Brasil elapsed time: 3909.654253 seconds (0d 1h 5m 9s)

---------------  T H R E A D  ---------------

Current thread (0x0000000022d3c570):  JavaThread "C2 CompilerThread1" daemon [_thread_in_native, id=12120, stack(0x0000000035b80000,0x0000000035c80000)]


Current CompileTask:
C2:3909654 14996       4       org.eclipse.emf.ecore.util.EcoreUtil$Copier::copy (139 bytes)

Stack: [0x0000000035b80000,0x0000000035c80000]
Native frames: (J=compiled Java code, j=interpreted, Vv=VM code, C=native code)
V  [jvm.dll+0x62ae9a]
V  [jvm.dll+0x7817a9]
V  [jvm.dll+0x782f03]
V  [jvm.dll+0x783563]
V  [jvm.dll+0x216325]
V  [jvm.dll+0x982cf]
V  [jvm.dll+0x9861c]
V  [jvm.dll+0x333e60]
V  [jvm.dll+0x333391]
V  [jvm.dll+0x3333d4]
V  [jvm.dll+0x32d4e1]
V  [jvm.dll+0x18e3e5]
V  [jvm.dll+0x1ea822]
V  [jvm.dll+0x1e996e]
V  [jvm.dll+0x178567]
V  [jvm.dll+0x1f9225]
V  [jvm.dll+0x1f72cc]
V  [jvm.dll+0x74495d]
V  [jvm.dll+0x73d75a]
V  [jvm.dll+0x629c56]
C  [ucrtbase.dll+0x21bb2]
C  [KERNEL32.DLL+0x17034]
C  [ntdll.dll+0x52651]


---------------  P R O C E S S  ---------------

Threads class SMR info:
_java_thread_list=0x00000000202572e0, length=39, elements={
0x0000000003957da0, 0x000000001e32d160, 0x000000001e32e7b0, 0x000000001e349c20,
0x000000001e34e5f0, 0x000000001e34f740, 0x000000001e367ca0, 0x000000001e36b030,
0x000000001e378db0, 0x000000001e4afa80, 0x000000001e5cd140, 0x000000001f96fbc0,
0x000000001f96e880, 0x000000001f96f6f0, 0x000000001f970090, 0x000000001f96f220,
0x0000000022ed04c0, 0x0000000022ed4820, 0x0000000022ed1330, 0x0000000022ed3e80,
0x0000000022ed21a0, 0x0000000022ecfb20, 0x0000000022ed2b40, 0x0000000022ed3010,
0x0000000022ed34e0, 0x0000000022ed0e60, 0x0000000022ed1800, 0x00000000282bdde0,
0x0000000022ed4350, 0x0000000022ecd970, 0x0000000022ecde40, 0x0000000022ece7e0,
0x000000001f6d9e90, 0x000000001f6dc510, 0x000000001f6dceb0, 0x000000001f6de6c0,
0x0000000022eccfd0, 0x0000000022cff550, 0x0000000022d3c570
}

Java Threads: ( => current thread )
  0x0000000003957da0 JavaThread "main" [_thread_in_native, id=10032, stack(0x0000000000c00000,0x0000000000d00000)]
  0x000000001e32d160 JavaThread "Reference Handler" daemon [_thread_blocked, id=34540, stack(0x000000001e770000,0x000000001e870000)]
  0x000000001e32e7b0 JavaThread "Finalizer" daemon [_thread_blocked, id=16864, stack(0x000000001e870000,0x000000001e970000)]
  0x000000001e349c20 JavaThread "Signal Dispatcher" daemon [_thread_blocked, id=10280, stack(0x000000001ea80000,0x000000001eb80000)]
  0x000000001e34e5f0 JavaThread "Attach Listener" daemon [_thread_blocked, id=33756, stack(0x000000001eb80000,0x000000001ec80000)]
  0x000000001e34f740 JavaThread "Service Thread" daemon [_thread_blocked, id=53440, stack(0x000000001ec80000,0x000000001ed80000)]
  0x000000001e367ca0 JavaThread "C2 CompilerThread0" daemon [_thread_in_native, id=5628, stack(0x000000001ed80000,0x000000001ee80000)]
  0x000000001e36b030 JavaThread "C1 CompilerThread0" daemon [_thread_blocked, id=36096, stack(0x000000001ee80000,0x000000001ef80000)]
  0x000000001e378db0 JavaThread "Sweeper thread" daemon [_thread_blocked, id=50892, stack(0x000000001ef80000,0x000000001f080000)]
  0x000000001e4afa80 JavaThread "Common-Cleaner" daemon [_thread_blocked, id=59808, stack(0x000000001f080000,0x000000001f180000)]
  0x000000001e5cd140 JavaThread "Notification Thread" daemon [_thread_blocked, id=34368, stack(0x000000001f980000,0x000000001fa80000)]
  0x000000001f96fbc0 JavaThread "Active Thread: Equinox Container: dc5b0b2c-c312-422f-b26a-47974ea6057f" [_thread_blocked, id=11204, stack(0x0000000021350000,0x0000000021450000)]
  0x000000001f96e880 JavaThread "Framework Event Dispatcher: Equinox Container: dc5b0b2c-c312-422f-b26a-47974ea6057f" daemon [_thread_blocked, id=19136, stack(0x0000000021850000,0x0000000021950000)]
  0x000000001f96f6f0 JavaThread "Start Level: Equinox Container: dc5b0b2c-c312-422f-b26a-47974ea6057f" daemon [_thread_blocked, id=59288, stack(0x0000000021950000,0x0000000021a50000)]
  0x000000001f970090 JavaThread "SCR Component Actor" daemon [_thread_blocked, id=34024, stack(0x0000000021a50000,0x0000000021b50000)]
  0x000000001f96f220 JavaThread "Worker-JM" [_thread_blocked, id=29228, stack(0x0000000023280000,0x0000000023380000)]
  0x0000000022ed04c0 JavaThread "EMF Reference Cleaner" daemon [_thread_blocked, id=55816, stack(0x0000000023900000,0x0000000023a00000)]
  0x0000000022ed4820 JavaThread "Gogo shell" [_thread_blocked, id=48384, stack(0x0000000023a00000,0x0000000023b00000)]
  0x0000000022ed1330 JavaThread "Bundle File Closer" daemon [_thread_blocked, id=44612, stack(0x00000000256c0000,0x00000000257c0000)]
  0x0000000022ed3e80 JavaThread "Git Repository Closer" daemon [_thread_blocked, id=10444, stack(0x0000000026130000,0x0000000026230000)]
  0x0000000022ed21a0 JavaThread "DLTK indexing" daemon [_thread_blocked, id=29708, stack(0x0000000029a00000,0x0000000029b00000)]
  0x0000000022ecfb20 JavaThread "ForkJoinPool.commonPool-worker-3" daemon [_thread_blocked, id=58120, stack(0x000000002b710000,0x000000002b810000)]
  0x0000000022ed2b40 JavaThread "EventAdmin Async Event Dispatcher Thread" daemon [_thread_blocked, id=60340, stack(0x000000002cca0000,0x000000002cda0000)]
  0x0000000022ed3010 JavaThread "pool-2-thread-1" [_thread_blocked, id=15544, stack(0x000000002d7b0000,0x000000002d8b0000)]
  0x0000000022ed34e0 JavaThread "pool-3-thread-1" [_thread_blocked, id=12424, stack(0x000000002d8b0000,0x000000002d9b0000)]
  0x0000000022ed0e60 JavaThread "PHP Debugger Daemon Thread  - Port: 9000" daemon [_thread_in_native, id=49584, stack(0x000000002deb0000,0x000000002dfb0000)]
  0x0000000022ed1800 JavaThread "PHP Debugger Daemon Thread  - Port: 20080" daemon [_thread_in_native, id=56796, stack(0x000000002dfb0000,0x000000002e0b0000)]
  0x00000000282bdde0 JavaThread "PHP Debugger Daemon Thread  - Port: 10137" daemon [_thread_in_native, id=28228, stack(0x000000002f320000,0x000000002f420000)]
  0x0000000022ed4350 JavaThread "Thread-10" [_thread_blocked, id=58016, stack(0x000000002b9a0000,0x000000002baa0000)]
  0x0000000022ecd970 JavaThread "Worker-12" [_thread_blocked, id=38068, stack(0x0000000001020000,0x0000000001120000)]
  0x0000000022ecde40 JavaThread "Worker-13" [_thread_blocked, id=25444, stack(0x0000000001120000,0x0000000001220000)]
  0x0000000022ece7e0 JavaThread "pool-4-thread-1" [_thread_blocked, id=42212, stack(0x000000001fd80000,0x000000001fe80000)]
  0x000000001f6d9e90 JavaThread "org.eclipse.php.internal.ui.editor.PHPStructuredRegionProcessor" daemon [_thread_blocked, id=10536, stack(0x0000000030b90000,0x0000000030c90000)]
  0x000000001f6dc510 JavaThread "org.eclipse.php.internal.ui.editor.PHPStructuredRegionProcessor" daemon [_thread_blocked, id=29632, stack(0x00000000344c0000,0x00000000345c0000)]
  0x000000001f6dceb0 JavaThread "org.eclipse.php.internal.ui.editor.PHPStructuredRegionProcessor" daemon [_thread_blocked, id=41288, stack(0x0000000034700000,0x0000000034800000)]
  0x000000001f6de6c0 JavaThread "Worker-14" [_thread_blocked, id=27848, stack(0x000000002dab0000,0x000000002dbb0000)]
  0x0000000022eccfd0 JavaThread "org.eclipse.php.internal.ui.editor.PHPStructuredRegionProcessor" daemon [_thread_blocked, id=31892, stack(0x0000000030090000,0x0000000030190000)]
  0x0000000022cff550 JavaThread "Additional info timer" [_thread_blocked, id=28664, stack(0x000000002dbb0000,0x000000002dcb0000)]
=>0x0000000022d3c570 JavaThread "C2 CompilerThread1" daemon [_thread_in_native, id=12120, stack(0x0000000035b80000,0x0000000035c80000)]

Other Threads:
  0x000000001e2f2a50 VMThread "VM Thread" [stack: 0x000000001e670000,0x000000001e770000] [id=32480]
  0x000000001e5cd610 WatcherThread [stack: 0x000000001fa80000,0x000000001fb80000] [id=9928]
  0x00000000039962e0 GCTaskThread "GC Thread#0" [stack: 0x0000000003710000,0x0000000003810000] [id=6204]
  0x000000001e6088e0 GCTaskThread "GC Thread#1" [stack: 0x0000000020e50000,0x0000000020f50000] [id=2612]
  0x000000001e608c10 GCTaskThread "GC Thread#2" [stack: 0x0000000020f50000,0x0000000021050000] [id=58284]
  0x000000001e60b580 GCTaskThread "GC Thread#3" [stack: 0x0000000021050000,0x0000000021150000] [id=11180]
  0x00000000039a7bd0 ConcurrentGCThread "G1 Main Marker" [stack: 0x000000001af30000,0x000000001b030000] [id=36440]
  0x00000000039a87c0 ConcurrentGCThread "G1 Conc#0" [stack: 0x000000001b030000,0x000000001b130000] [id=22856]
  0x00000000039ed700 ConcurrentGCThread "G1 Refine#0" [stack: 0x000000001d770000,0x000000001d870000] [id=41388]
  0x000000001f3859b0 ConcurrentGCThread "G1 Refine#1" [stack: 0x0000000021650000,0x0000000021750000] [id=8608]
  0x00000000205a6f30 ConcurrentGCThread "G1 Refine#2" [stack: 0x0000000021750000,0x0000000021850000] [id=35952]
  0x000000001f1b4c40 ConcurrentGCThread "G1 Refine#3" [stack: 0x0000000029150000,0x0000000029250000] [id=15540]
  0x00000000039ee300 ConcurrentGCThread "G1 Young RemSet Sampling" [stack: 0x000000001d870000,0x000000001d970000] [id=21448]
  0x000000001d5fe080 ConcurrentGCThread "StrDedup" [stack: 0x000000001d970000,0x000000001da70000] [id=43664]

Threads with active compile tasks:
C2 CompilerThread0  3909716 14994       4       org.eclipse.emf.ecore.util.EcoreUtil$Copier::copyAttribute (68 bytes)
C2 CompilerThread1  3909716 14996       4       org.eclipse.emf.ecore.util.EcoreUtil$Copier::copy (139 bytes)

VM state: not at safepoint (normal execution)

VM Mutex/Monitor currently owned by a thread: None

Heap address: 0x0000000080000000, size: 2048 MB, Compressed Oops mode: 32-bit
CDS disabled.
Compressed class space mapped at: 0x0000000100000000-0x0000000140000000, size: 1073741824
Narrow klass base: 0x0000000000000000, Narrow klass shift: 3, Narrow klass range: 0x140000000

GC Precious Log:
 CPUs: 4 total, 4 available
 Memory: 8077M
 Large Page Support: Disabled
 NUMA Support: Disabled
 Compressed Oops: Enabled (32-bit)
 Heap Region Size: 1M
 Heap Min Capacity: 256M
 Heap Initial Capacity: 256M
 Heap Max Capacity: 2G
 Pre-touch: Disabled
 Parallel Workers: 4
 Concurrent Workers: 1
 Concurrent Refinement Workers: 4
 Periodic GC: Disabled

Heap:
 garbage-first heap   total 262144K, used 148253K [0x0000000080000000, 0x0000000100000000)
  region size 1024K, 59 young (60416K), 2 survivors (2048K)
 Metaspace       used 102996K, capacity 111805K, committed 111880K, reserved 1146880K
  class space    used 11685K, capacity 14534K, committed 14592K, reserved 1048576K

Heap Regions: E=young(eden), S=young(survivor), O=old, HS=humongous(starts), HC=humongous(continues), CS=collection set, F=free, OA=open archive, CA=closed archive, TAMS=top-at-mark-start (previous, next)
|   0|0x0000000080000000, 0x0000000080100000, 0x0000000080100000|100%| O|  |TAMS 0x0000000080100000, 0x0000000080000000| Untracked 
|   1|0x0000000080100000, 0x0000000080200000, 0x0000000080200000|100%| O|  |TAMS 0x0000000080200000, 0x0000000080100000| Untracked 
|   2|0x0000000080200000, 0x0000000080300000, 0x0000000080300000|100%| O|  |TAMS 0x0000000080300000, 0x0000000080200000| Untracked 
|   3|0x0000000080300000, 0x0000000080400000, 0x0000000080400000|100%| O|  |TAMS 0x0000000080400000, 0x0000000080300000| Untracked 
|   4|0x0000000080400000, 0x0000000080500000, 0x0000000080500000|100%| O|  |TAMS 0x0000000080500000, 0x0000000080400000| Untracked 
|   5|0x0000000080500000, 0x0000000080600000, 0x0000000080600000|100%| O|  |TAMS 0x0000000080600000, 0x0000000080500000| Untracked 
|   6|0x0000000080600000, 0x0000000080700000, 0x0000000080700000|100%| O|  |TAMS 0x0000000080700000, 0x0000000080600000| Untracked 
|   7|0x0000000080700000, 0x0000000080800000, 0x0000000080800000|100%| O|  |TAMS 0x0000000080800000, 0x0000000080700000| Untracked 
|   8|0x0000000080800000, 0x0000000080900000, 0x0000000080900000|100%| O|  |TAMS 0x0000000080900000, 0x0000000080800000| Untracked 
|   9|0x0000000080900000, 0x0000000080a00000, 0x0000000080a00000|100%| O|  |TAMS 0x0000000080a00000, 0x0000000080900000| Untracked 
|  10|0x0000000080a00000, 0x0000000080b00000, 0x0000000080b00000|100%| O|  |TAMS 0x0000000080b00000, 0x0000000080a00000| Untracked 
|  11|0x0000000080b00000, 0x0000000080c00000, 0x0000000080c00000|100%| O|  |TAMS 0x0000000080c00000, 0x0000000080b00000| Untracked 
|  12|0x0000000080c00000, 0x0000000080d00000, 0x0000000080d00000|100%| O|  |TAMS 0x0000000080d00000, 0x0000000080c00000| Untracked 
|  13|0x0000000080d00000, 0x0000000080e00000, 0x0000000080e00000|100%| O|  |TAMS 0x0000000080e00000, 0x0000000080d00000| Untracked 
|  14|0x0000000080e00000, 0x0000000080f00000, 0x0000000080f00000|100%| O|  |TAMS 0x0000000080f00000, 0x0000000080e00000| Untracked 
|  15|0x0000000080f00000, 0x0000000081000000, 0x0000000081000000|100%| O|  |TAMS 0x0000000081000000, 0x0000000080f00000| Untracked 
|  16|0x0000000081000000, 0x0000000081100000, 0x0000000081100000|100%| O|  |TAMS 0x0000000081100000, 0x0000000081000000| Untracked 
|  17|0x0000000081100000, 0x0000000081200000, 0x0000000081200000|100%| O|  |TAMS 0x0000000081200000, 0x0000000081100000| Untracked 
|  18|0x0000000081200000, 0x0000000081300000, 0x0000000081300000|100%| O|  |TAMS 0x0000000081300000, 0x0000000081200000| Untracked 
|  19|0x0000000081300000, 0x0000000081400000, 0x0000000081400000|100%| O|  |TAMS 0x0000000081400000, 0x0000000081300000| Untracked 
|  20|0x0000000081400000, 0x0000000081500000, 0x0000000081500000|100%| O|  |TAMS 0x0000000081500000, 0x0000000081400000| Untracked 
|  21|0x0000000081500000, 0x0000000081600000, 0x0000000081600000|100%| O|  |TAMS 0x0000000081600000, 0x0000000081500000| Untracked 
|  22|0x0000000081600000, 0x0000000081700000, 0x0000000081700000|100%| O|  |TAMS 0x0000000081700000, 0x0000000081600000| Untracked 
|  23|0x0000000081700000, 0x0000000081800000, 0x0000000081800000|100%| O|  |TAMS 0x0000000081800000, 0x0000000081700000| Untracked 
|  24|0x0000000081800000, 0x0000000081900000, 0x0000000081900000|100%| O|  |TAMS 0x0000000081900000, 0x0000000081800000| Untracked 
|  25|0x0000000081900000, 0x0000000081a00000, 0x0000000081a00000|100%| O|  |TAMS 0x0000000081a00000, 0x0000000081900000| Untracked 
|  26|0x0000000081a00000, 0x0000000081b00000, 0x0000000081b00000|100%| O|  |TAMS 0x0000000081b00000, 0x0000000081a00000| Untracked 
|  27|0x0000000081b00000, 0x0000000081c00000, 0x0000000081c00000|100%| O|  |TAMS 0x0000000081c00000, 0x0000000081b00000| Untracked 
|  28|0x0000000081c00000, 0x0000000081d00000, 0x0000000081d00000|100%| O|  |TAMS 0x0000000081d00000, 0x0000000081c00000| Untracked 
|  29|0x0000000081d00000, 0x0000000081e00000, 0x0000000081e00000|100%| O|  |TAMS 0x0000000081e00000, 0x0000000081d00000| Untracked 
|  30|0x0000000081e00000, 0x0000000081f00000, 0x0000000081f00000|100%| O|  |TAMS 0x0000000081f00000, 0x0000000081e00000| Untracked 
|  31|0x0000000081f00000, 0x0000000082000000, 0x0000000082000000|100%| O|  |TAMS 0x0000000081f4aa00, 0x0000000081f00000| Untracked 
|  32|0x0000000082000000, 0x0000000082100000, 0x0000000082100000|100%|HS|  |TAMS 0x0000000082100000, 0x0000000082000000| Complete 
|  33|0x0000000082100000, 0x0000000082200000, 0x0000000082200000|100%|HC|  |TAMS 0x0000000082200000, 0x0000000082100000| Complete 
|  34|0x0000000082200000, 0x0000000082300000, 0x0000000082300000|100%|HC|  |TAMS 0x0000000082300000, 0x0000000082200000| Complete 
|  35|0x0000000082300000, 0x0000000082400000, 0x0000000082400000|100%|HS|  |TAMS 0x0000000082400000, 0x0000000082300000| Complete 
|  36|0x0000000082400000, 0x0000000082500000, 0x0000000082500000|100%|HC|  |TAMS 0x0000000082500000, 0x0000000082400000| Complete 
|  37|0x0000000082500000, 0x0000000082600000, 0x0000000082600000|100%|HC|  |TAMS 0x0000000082600000, 0x0000000082500000| Complete 
|  38|0x0000000082600000, 0x0000000082700000, 0x0000000082700000|100%| O|  |TAMS 0x0000000082600000, 0x0000000082600000| Untracked 
|  39|0x0000000082700000, 0x0000000082800000, 0x0000000082800000|100%| O|  |TAMS 0x0000000082700000, 0x0000000082700000| Untracked 
|  40|0x0000000082800000, 0x0000000082900000, 0x0000000082900000|100%| O|  |TAMS 0x0000000082800000, 0x0000000082800000| Untracked 
|  41|0x0000000082900000, 0x0000000082a00000, 0x0000000082a00000|100%|HS|  |TAMS 0x0000000082900000, 0x0000000082900000| Complete 
|  42|0x0000000082a00000, 0x0000000082b00000, 0x0000000082b00000|100%|HC|  |TAMS 0x0000000082a00000, 0x0000000082a00000| Complete 
|  43|0x0000000082b00000, 0x0000000082c00000, 0x0000000082c00000|100%| O|  |TAMS 0x0000000082b00000, 0x0000000082b00000| Untracked 
|  44|0x0000000082c00000, 0x0000000082d00000, 0x0000000082d00000|100%| O|  |TAMS 0x0000000082c00000, 0x0000000082c00000| Untracked 
|  45|0x0000000082d00000, 0x0000000082e00000, 0x0000000082e00000|100%|HS|  |TAMS 0x0000000082d00000, 0x0000000082d00000| Complete 
|  46|0x0000000082e00000, 0x0000000082f00000, 0x0000000082f00000|100%| O|  |TAMS 0x0000000082e00000, 0x0000000082e00000| Untracked 
|  47|0x0000000082f00000, 0x0000000083000000, 0x0000000083000000|100%| O|  |TAMS 0x0000000082f00000, 0x0000000082f00000| Untracked 
|  48|0x0000000083000000, 0x0000000083100000, 0x0000000083100000|100%| O|  |TAMS 0x0000000083000000, 0x0000000083000000| Untracked 
|  49|0x0000000083100000, 0x0000000083200000, 0x0000000083200000|100%| O|  |TAMS 0x0000000083100000, 0x0000000083100000| Untracked 
|  50|0x0000000083200000, 0x0000000083300000, 0x0000000083300000|100%| O|  |TAMS 0x0000000083200000, 0x0000000083200000| Untracked 
|  51|0x0000000083300000, 0x0000000083400000, 0x0000000083400000|100%| O|  |TAMS 0x0000000083300000, 0x0000000083300000| Untracked 
|  52|0x0000000083400000, 0x0000000083500000, 0x0000000083500000|100%| O|  |TAMS 0x0000000083400000, 0x0000000083400000| Untracked 
|  53|0x0000000083500000, 0x0000000083600000, 0x0000000083600000|100%| O|  |TAMS 0x0000000083500000, 0x0000000083500000| Untracked 
|  54|0x0000000083600000, 0x0000000083700000, 0x0000000083700000|100%| O|  |TAMS 0x0000000083600000, 0x0000000083600000| Untracked 
|  55|0x0000000083700000, 0x0000000083800000, 0x0000000083800000|100%| O|  |TAMS 0x0000000083700000, 0x0000000083700000| Untracked 
|  56|0x0000000083800000, 0x0000000083900000, 0x0000000083900000|100%| O|  |TAMS 0x0000000083800000, 0x0000000083800000| Untracked 
|  57|0x0000000083900000, 0x0000000083a00000, 0x0000000083a00000|100%| O|  |TAMS 0x0000000083900000, 0x0000000083900000| Untracked 
|  58|0x0000000083a00000, 0x0000000083b00000, 0x0000000083b00000|100%| O|  |TAMS 0x0000000083a00000, 0x0000000083a00000| Untracked 
|  59|0x0000000083b00000, 0x0000000083c00000, 0x0000000083c00000|100%| O|  |TAMS 0x0000000083b00000, 0x0000000083b00000| Untracked 
|  60|0x0000000083c00000, 0x0000000083d00000, 0x0000000083d00000|100%| O|  |TAMS 0x0000000083c00000, 0x0000000083c00000| Untracked 
|  61|0x0000000083d00000, 0x0000000083e00000, 0x0000000083e00000|100%| O|  |TAMS 0x0000000083d00000, 0x0000000083d00000| Untracked 
|  62|0x0000000083e00000, 0x0000000083f00000, 0x0000000083f00000|100%| O|  |TAMS 0x0000000083e00000, 0x0000000083e00000| Untracked 
|  63|0x0000000083f00000, 0x0000000084000000, 0x0000000084000000|100%| O|  |TAMS 0x0000000083f00000, 0x0000000083f00000| Untracked 
|  64|0x0000000084000000, 0x0000000084100000, 0x0000000084100000|100%| O|  |TAMS 0x0000000084000000, 0x0000000084000000| Untracked 
|  65|0x0000000084100000, 0x0000000084200000, 0x0000000084200000|100%| O|  |TAMS 0x0000000084100000, 0x0000000084100000| Untracked 
|  66|0x0000000084200000, 0x0000000084300000, 0x0000000084300000|100%| O|  |TAMS 0x0000000084200000, 0x0000000084200000| Untracked 
|  67|0x0000000084300000, 0x0000000084400000, 0x0000000084400000|100%| O|  |TAMS 0x0000000084300000, 0x0000000084300000| Untracked 
|  68|0x0000000084400000, 0x0000000084500000, 0x0000000084500000|100%| O|  |TAMS 0x0000000084400000, 0x0000000084400000| Untracked 
|  69|0x0000000084500000, 0x0000000084600000, 0x0000000084600000|100%| O|  |TAMS 0x0000000084500000, 0x0000000084500000| Untracked 
|  70|0x0000000084600000, 0x0000000084700000, 0x0000000084700000|100%| O|  |TAMS 0x0000000084600000, 0x0000000084600000| Untracked 
|  71|0x0000000084700000, 0x0000000084800000, 0x0000000084800000|100%| O|  |TAMS 0x0000000084700000, 0x0000000084700000| Untracked 
|  72|0x0000000084800000, 0x0000000084900000, 0x0000000084900000|100%| O|  |TAMS 0x0000000084800000, 0x0000000084800000| Untracked 
|  73|0x0000000084900000, 0x0000000084a00000, 0x0000000084a00000|100%| O|  |TAMS 0x0000000084900000, 0x0000000084900000| Untracked 
|  74|0x0000000084a00000, 0x0000000084b00000, 0x0000000084b00000|100%| O|  |TAMS 0x0000000084a00000, 0x0000000084a00000| Untracked 
|  75|0x0000000084b00000, 0x0000000084c00000, 0x0000000084c00000|100%| O|  |TAMS 0x0000000084b00000, 0x0000000084b00000| Untracked 
|  76|0x0000000084c00000, 0x0000000084d00000, 0x0000000084d00000|100%| O|  |TAMS 0x0000000084c00000, 0x0000000084c00000| Untracked 
|  77|0x0000000084d00000, 0x0000000084e00000, 0x0000000084e00000|100%| O|  |TAMS 0x0000000084d00000, 0x0000000084d00000| Untracked 
|  78|0x0000000084e00000, 0x0000000084f00000, 0x0000000084f00000|100%| O|  |TAMS 0x0000000084e00000, 0x0000000084e00000| Untracked 
|  79|0x0000000084f00000, 0x0000000085000000, 0x0000000085000000|100%| O|  |TAMS 0x0000000084f00000, 0x0000000084f00000| Untracked 
|  80|0x0000000085000000, 0x0000000085100000, 0x0000000085100000|100%| O|  |TAMS 0x0000000085000000, 0x0000000085000000| Untracked 
|  81|0x0000000085100000, 0x0000000085200000, 0x0000000085200000|100%| O|  |TAMS 0x0000000085100000, 0x0000000085100000| Untracked 
|  82|0x0000000085200000, 0x0000000085300000, 0x0000000085300000|100%| O|  |TAMS 0x0000000085200000, 0x0000000085200000| Untracked 
|  83|0x0000000085300000, 0x0000000085400000, 0x0000000085400000|100%| O|  |TAMS 0x0000000085300000, 0x0000000085300000| Untracked 
|  84|0x0000000085400000, 0x0000000085500000, 0x0000000085500000|100%| O|  |TAMS 0x0000000085400000, 0x0000000085400000| Untracked 
|  85|0x0000000085500000, 0x0000000085600000, 0x0000000085600000|100%| O|  |TAMS 0x0000000085500000, 0x0000000085500000| Untracked 
|  86|0x0000000085600000, 0x0000000085700000, 0x0000000085700000|100%| O|  |TAMS 0x0000000085600000, 0x0000000085600000| Untracked 
|  87|0x0000000085700000, 0x0000000085800000, 0x0000000085800000|100%| O|  |TAMS 0x0000000085700000, 0x0000000085700000| Untracked 
|  88|0x0000000085800000, 0x0000000085880000, 0x0000000085900000| 50%| O|  |TAMS 0x0000000085800000, 0x0000000085800000| Untracked 
|  89|0x0000000085900000, 0x0000000085900000, 0x0000000085a00000|  0%| F|  |TAMS 0x0000000085900000, 0x0000000085900000| Untracked 
|  90|0x0000000085a00000, 0x0000000085a00000, 0x0000000085b00000|  0%| F|  |TAMS 0x0000000085a00000, 0x0000000085a00000| Untracked 
|  91|0x0000000085b00000, 0x0000000085b00000, 0x0000000085c00000|  0%| F|  |TAMS 0x0000000085b00000, 0x0000000085b00000| Untracked 
|  92|0x0000000085c00000, 0x0000000085c00000, 0x0000000085d00000|  0%| F|  |TAMS 0x0000000085c00000, 0x0000000085c00000| Untracked 
|  93|0x0000000085d00000, 0x0000000085d00000, 0x0000000085e00000|  0%| F|  |TAMS 0x0000000085d00000, 0x0000000085d00000| Untracked 
|  94|0x0000000085e00000, 0x0000000085e00000, 0x0000000085f00000|  0%| F|  |TAMS 0x0000000085e00000, 0x0000000085e00000| Untracked 
|  95|0x0000000085f00000, 0x0000000085f00000, 0x0000000086000000|  0%| F|  |TAMS 0x0000000085f00000, 0x0000000085f00000| Untracked 
|  96|0x0000000086000000, 0x0000000086000000, 0x0000000086100000|  0%| F|  |TAMS 0x0000000086000000, 0x0000000086000000| Untracked 
|  97|0x0000000086100000, 0x0000000086100000, 0x0000000086200000|  0%| F|  |TAMS 0x0000000086100000, 0x0000000086100000| Untracked 
|  98|0x0000000086200000, 0x0000000086200000, 0x0000000086300000|  0%| F|  |TAMS 0x0000000086200000, 0x0000000086200000| Untracked 
|  99|0x0000000086300000, 0x0000000086300000, 0x0000000086400000|  0%| F|  |TAMS 0x0000000086300000, 0x0000000086300000| Untracked 
| 100|0x0000000086400000, 0x0000000086400000, 0x0000000086500000|  0%| F|  |TAMS 0x0000000086400000, 0x0000000086400000| Untracked 
| 101|0x0000000086500000, 0x0000000086500000, 0x0000000086600000|  0%| F|  |TAMS 0x0000000086500000, 0x0000000086500000| Untracked 
| 102|0x0000000086600000, 0x0000000086600000, 0x0000000086700000|  0%| F|  |TAMS 0x0000000086600000, 0x0000000086600000| Untracked 
| 103|0x0000000086700000, 0x0000000086700000, 0x0000000086800000|  0%| F|  |TAMS 0x0000000086700000, 0x0000000086700000| Untracked 
| 104|0x0000000086800000, 0x0000000086800000, 0x0000000086900000|  0%| F|  |TAMS 0x0000000086800000, 0x0000000086800000| Untracked 
| 105|0x0000000086900000, 0x0000000086900000, 0x0000000086a00000|  0%| F|  |TAMS 0x0000000086900000, 0x0000000086900000| Untracked 
| 106|0x0000000086a00000, 0x0000000086a00000, 0x0000000086b00000|  0%| F|  |TAMS 0x0000000086a00000, 0x0000000086a00000| Untracked 
| 107|0x0000000086b00000, 0x0000000086b00000, 0x0000000086c00000|  0%| F|  |TAMS 0x0000000086b00000, 0x0000000086b00000| Untracked 
| 108|0x0000000086c00000, 0x0000000086c00000, 0x0000000086d00000|  0%| F|  |TAMS 0x0000000086c00000, 0x0000000086c00000| Untracked 
| 109|0x0000000086d00000, 0x0000000086d00000, 0x0000000086e00000|  0%| F|  |TAMS 0x0000000086d00000, 0x0000000086d00000| Untracked 
| 110|0x0000000086e00000, 0x0000000086e00000, 0x0000000086f00000|  0%| F|  |TAMS 0x0000000086e00000, 0x0000000086e00000| Untracked 
| 111|0x0000000086f00000, 0x0000000086f00000, 0x0000000087000000|  0%| F|  |TAMS 0x0000000086f00000, 0x0000000086f00000| Untracked 
| 112|0x0000000087000000, 0x0000000087000000, 0x0000000087100000|  0%| F|  |TAMS 0x0000000087000000, 0x0000000087000000| Untracked 
| 113|0x0000000087100000, 0x0000000087100000, 0x0000000087200000|  0%| F|  |TAMS 0x0000000087100000, 0x0000000087100000| Untracked 
| 114|0x0000000087200000, 0x0000000087200000, 0x0000000087300000|  0%| F|  |TAMS 0x0000000087200000, 0x0000000087200000| Untracked 
| 115|0x0000000087300000, 0x0000000087300000, 0x0000000087400000|  0%| F|  |TAMS 0x0000000087300000, 0x0000000087300000| Untracked 
| 116|0x0000000087400000, 0x0000000087400000, 0x0000000087500000|  0%| F|  |TAMS 0x0000000087400000, 0x0000000087400000| Untracked 
| 117|0x0000000087500000, 0x0000000087500000, 0x0000000087600000|  0%| F|  |TAMS 0x0000000087500000, 0x0000000087500000| Untracked 
| 118|0x0000000087600000, 0x0000000087600000, 0x0000000087700000|  0%| F|  |TAMS 0x0000000087600000, 0x0000000087600000| Untracked 
| 119|0x0000000087700000, 0x0000000087700000, 0x0000000087800000|  0%| F|  |TAMS 0x0000000087700000, 0x0000000087700000| Untracked 
| 120|0x0000000087800000, 0x0000000087800000, 0x0000000087900000|  0%| F|  |TAMS 0x0000000087800000, 0x0000000087800000| Untracked 
| 121|0x0000000087900000, 0x0000000087900000, 0x0000000087a00000|  0%| F|  |TAMS 0x0000000087900000, 0x0000000087900000| Untracked 
| 122|0x0000000087a00000, 0x0000000087a00000, 0x0000000087b00000|  0%| F|  |TAMS 0x0000000087a00000, 0x0000000087a00000| Untracked 
| 123|0x0000000087b00000, 0x0000000087b00000, 0x0000000087c00000|  0%| F|  |TAMS 0x0000000087b00000, 0x0000000087b00000| Untracked 
| 124|0x0000000087c00000, 0x0000000087c00000, 0x0000000087d00000|  0%| F|  |TAMS 0x0000000087c00000, 0x0000000087c00000| Untracked 
| 125|0x0000000087d00000, 0x0000000087d00000, 0x0000000087e00000|  0%| F|  |TAMS 0x0000000087d00000, 0x0000000087d00000| Untracked 
| 126|0x0000000087e00000, 0x0000000087e00000, 0x0000000087f00000|  0%| F|  |TAMS 0x0000000087e00000, 0x0000000087e00000| Untracked 
| 127|0x0000000087f00000, 0x0000000087f00000, 0x0000000088000000|  0%| F|  |TAMS 0x0000000087f00000, 0x0000000087f00000| Untracked 
| 128|0x0000000088000000, 0x0000000088000000, 0x0000000088100000|  0%| F|  |TAMS 0x0000000088000000, 0x0000000088000000| Untracked 
| 129|0x0000000088100000, 0x0000000088100000, 0x0000000088200000|  0%| F|  |TAMS 0x0000000088100000, 0x0000000088100000| Untracked 
| 130|0x0000000088200000, 0x0000000088200000, 0x0000000088300000|  0%| F|  |TAMS 0x0000000088200000, 0x0000000088200000| Untracked 
| 131|0x0000000088300000, 0x0000000088300000, 0x0000000088400000|  0%| F|  |TAMS 0x0000000088300000, 0x0000000088300000| Untracked 
| 132|0x0000000088400000, 0x0000000088400000, 0x0000000088500000|  0%| F|  |TAMS 0x0000000088400000, 0x0000000088400000| Untracked 
| 133|0x0000000088500000, 0x0000000088500000, 0x0000000088600000|  0%| F|  |TAMS 0x0000000088500000, 0x0000000088500000| Untracked 
| 134|0x0000000088600000, 0x0000000088600000, 0x0000000088700000|  0%| F|  |TAMS 0x0000000088600000, 0x0000000088600000| Untracked 
| 135|0x0000000088700000, 0x0000000088700000, 0x0000000088800000|  0%| F|  |TAMS 0x0000000088700000, 0x0000000088700000| Untracked 
| 136|0x0000000088800000, 0x0000000088847620, 0x0000000088900000| 27%| S|CS|TAMS 0x0000000088800000, 0x0000000088800000| Complete 
| 137|0x0000000088900000, 0x0000000088a00000, 0x0000000088a00000|100%| S|CS|TAMS 0x0000000088900000, 0x0000000088900000| Complete 
| 138|0x0000000088a00000, 0x0000000088a00000, 0x0000000088b00000|  0%| F|  |TAMS 0x0000000088a00000, 0x0000000088a00000| Untracked 
| 139|0x0000000088b00000, 0x0000000088b00000, 0x0000000088c00000|  0%| F|  |TAMS 0x0000000088b00000, 0x0000000088b00000| Untracked 
| 140|0x0000000088c00000, 0x0000000088c00000, 0x0000000088d00000|  0%| F|  |TAMS 0x0000000088c00000, 0x0000000088c00000| Untracked 
| 141|0x0000000088d00000, 0x0000000088d00000, 0x0000000088e00000|  0%| F|  |TAMS 0x0000000088d00000, 0x0000000088d00000| Untracked 
| 142|0x0000000088e00000, 0x0000000088e00000, 0x0000000088f00000|  0%| F|  |TAMS 0x0000000088e00000, 0x0000000088e00000| Untracked 
| 143|0x0000000088f00000, 0x0000000088f00000, 0x0000000089000000|  0%| F|  |TAMS 0x0000000088f00000, 0x0000000088f00000| Untracked 
| 144|0x0000000089000000, 0x0000000089000000, 0x0000000089100000|  0%| F|  |TAMS 0x0000000089000000, 0x0000000089000000| Untracked 
| 145|0x0000000089100000, 0x0000000089100000, 0x0000000089200000|  0%| F|  |TAMS 0x0000000089100000, 0x0000000089100000| Untracked 
| 146|0x0000000089200000, 0x0000000089200000, 0x0000000089300000|  0%| F|  |TAMS 0x0000000089200000, 0x0000000089200000| Untracked 
| 147|0x0000000089300000, 0x0000000089300000, 0x0000000089400000|  0%| F|  |TAMS 0x0000000089300000, 0x0000000089300000| Untracked 
| 148|0x0000000089400000, 0x0000000089400000, 0x0000000089500000|  0%| F|  |TAMS 0x0000000089400000, 0x0000000089400000| Untracked 
| 149|0x0000000089500000, 0x0000000089500000, 0x0000000089600000|  0%| F|  |TAMS 0x0000000089500000, 0x0000000089500000| Untracked 
| 150|0x0000000089600000, 0x0000000089600000, 0x0000000089700000|  0%| F|  |TAMS 0x0000000089600000, 0x0000000089600000| Untracked 
| 151|0x0000000089700000, 0x0000000089700000, 0x0000000089800000|  0%| F|  |TAMS 0x0000000089700000, 0x0000000089700000| Untracked 
| 152|0x0000000089800000, 0x0000000089800000, 0x0000000089900000|  0%| F|  |TAMS 0x0000000089800000, 0x0000000089800000| Untracked 
| 153|0x0000000089900000, 0x0000000089900000, 0x0000000089a00000|  0%| F|  |TAMS 0x0000000089900000, 0x0000000089900000| Untracked 
| 154|0x0000000089a00000, 0x0000000089a00000, 0x0000000089b00000|  0%| F|  |TAMS 0x0000000089a00000, 0x0000000089a00000| Untracked 
| 155|0x0000000089b00000, 0x0000000089b00000, 0x0000000089c00000|  0%| F|  |TAMS 0x0000000089b00000, 0x0000000089b00000| Untracked 
| 156|0x0000000089c00000, 0x0000000089c00000, 0x0000000089d00000|  0%| F|  |TAMS 0x0000000089c00000, 0x0000000089c00000| Untracked 
| 157|0x0000000089d00000, 0x0000000089d00000, 0x0000000089e00000|  0%| F|  |TAMS 0x0000000089d00000, 0x0000000089d00000| Untracked 
| 158|0x0000000089e00000, 0x0000000089e00000, 0x0000000089f00000|  0%| F|  |TAMS 0x0000000089e00000, 0x0000000089e00000| Untracked 
| 159|0x0000000089f00000, 0x0000000089f00000, 0x000000008a000000|  0%| F|  |TAMS 0x0000000089f00000, 0x0000000089f00000| Untracked 
| 160|0x000000008a000000, 0x000000008a000000, 0x000000008a100000|  0%| F|  |TAMS 0x000000008a000000, 0x000000008a000000| Untracked 
| 161|0x000000008a100000, 0x000000008a100000, 0x000000008a200000|  0%| F|  |TAMS 0x000000008a100000, 0x000000008a100000| Untracked 
| 162|0x000000008a200000, 0x000000008a200000, 0x000000008a300000|  0%| F|  |TAMS 0x000000008a200000, 0x000000008a200000| Untracked 
| 163|0x000000008a300000, 0x000000008a300000, 0x000000008a400000|  0%| F|  |TAMS 0x000000008a300000, 0x000000008a300000| Untracked 
| 164|0x000000008a400000, 0x000000008a400000, 0x000000008a500000|  0%| F|  |TAMS 0x000000008a400000, 0x000000008a400000| Untracked 
| 165|0x000000008a500000, 0x000000008a500000, 0x000000008a600000|  0%| F|  |TAMS 0x000000008a500000, 0x000000008a500000| Untracked 
| 166|0x000000008a600000, 0x000000008a600000, 0x000000008a700000|  0%| F|  |TAMS 0x000000008a600000, 0x000000008a600000| Untracked 
| 167|0x000000008a700000, 0x000000008a700000, 0x000000008a800000|  0%| F|  |TAMS 0x000000008a700000, 0x000000008a700000| Untracked 
| 168|0x000000008a800000, 0x000000008a800000, 0x000000008a900000|  0%| F|  |TAMS 0x000000008a800000, 0x000000008a800000| Untracked 
| 169|0x000000008a900000, 0x000000008a900000, 0x000000008aa00000|  0%| F|  |TAMS 0x000000008a900000, 0x000000008a900000| Untracked 
| 170|0x000000008aa00000, 0x000000008aa00000, 0x000000008ab00000|  0%| F|  |TAMS 0x000000008aa00000, 0x000000008aa00000| Untracked 
| 171|0x000000008ab00000, 0x000000008ab00000, 0x000000008ac00000|  0%| F|  |TAMS 0x000000008ab00000, 0x000000008ab00000| Untracked 
| 172|0x000000008ac00000, 0x000000008ac00000, 0x000000008ad00000|  0%| F|  |TAMS 0x000000008ac00000, 0x000000008ac00000| Untracked 
| 173|0x000000008ad00000, 0x000000008ad00000, 0x000000008ae00000|  0%| F|  |TAMS 0x000000008ad00000, 0x000000008ad00000| Untracked 
| 174|0x000000008ae00000, 0x000000008ae00000, 0x000000008af00000|  0%| F|  |TAMS 0x000000008ae00000, 0x000000008ae00000| Untracked 
| 175|0x000000008af00000, 0x000000008af00000, 0x000000008b000000|  0%| F|  |TAMS 0x000000008af00000, 0x000000008af00000| Untracked 
| 176|0x000000008b000000, 0x000000008b000000, 0x000000008b100000|  0%| F|  |TAMS 0x000000008b000000, 0x000000008b000000| Untracked 
| 177|0x000000008b100000, 0x000000008b100000, 0x000000008b200000|  0%| F|  |TAMS 0x000000008b100000, 0x000000008b100000| Untracked 
| 178|0x000000008b200000, 0x000000008b200000, 0x000000008b300000|  0%| F|  |TAMS 0x000000008b200000, 0x000000008b200000| Untracked 
| 179|0x000000008b300000, 0x000000008b300000, 0x000000008b400000|  0%| F|  |TAMS 0x000000008b300000, 0x000000008b300000| Untracked 
| 180|0x000000008b400000, 0x000000008b400000, 0x000000008b500000|  0%| F|  |TAMS 0x000000008b400000, 0x000000008b400000| Untracked 
| 181|0x000000008b500000, 0x000000008b500000, 0x000000008b600000|  0%| F|  |TAMS 0x000000008b500000, 0x000000008b500000| Untracked 
| 182|0x000000008b600000, 0x000000008b600000, 0x000000008b700000|  0%| F|  |TAMS 0x000000008b600000, 0x000000008b600000| Untracked 
| 183|0x000000008b700000, 0x000000008b700000, 0x000000008b800000|  0%| F|  |TAMS 0x000000008b700000, 0x000000008b700000| Untracked 
| 184|0x000000008b800000, 0x000000008b800000, 0x000000008b900000|  0%| F|  |TAMS 0x000000008b800000, 0x000000008b800000| Untracked 
| 185|0x000000008b900000, 0x000000008b900000, 0x000000008ba00000|  0%| F|  |TAMS 0x000000008b900000, 0x000000008b900000| Untracked 
| 186|0x000000008ba00000, 0x000000008ba00000, 0x000000008bb00000|  0%| F|  |TAMS 0x000000008ba00000, 0x000000008ba00000| Untracked 
| 187|0x000000008bb00000, 0x000000008bb00000, 0x000000008bc00000|  0%| F|  |TAMS 0x000000008bb00000, 0x000000008bb00000| Untracked 
| 188|0x000000008bc00000, 0x000000008bc00000, 0x000000008bd00000|  0%| F|  |TAMS 0x000000008bc00000, 0x000000008bc00000| Untracked 
| 189|0x000000008bd00000, 0x000000008bd00000, 0x000000008be00000|  0%| F|  |TAMS 0x000000008bd00000, 0x000000008bd00000| Untracked 
| 190|0x000000008be00000, 0x000000008be00000, 0x000000008bf00000|  0%| F|  |TAMS 0x000000008be00000, 0x000000008be00000| Untracked 
| 191|0x000000008bf00000, 0x000000008bf00000, 0x000000008c000000|  0%| F|  |TAMS 0x000000008bf00000, 0x000000008bf00000| Untracked 
| 192|0x000000008c000000, 0x000000008c000000, 0x000000008c100000|  0%| F|  |TAMS 0x000000008c000000, 0x000000008c000000| Untracked 
| 193|0x000000008c100000, 0x000000008c100000, 0x000000008c200000|  0%| F|  |TAMS 0x000000008c100000, 0x000000008c100000| Untracked 
| 194|0x000000008c200000, 0x000000008c200000, 0x000000008c300000|  0%| F|  |TAMS 0x000000008c200000, 0x000000008c200000| Untracked 
| 195|0x000000008c300000, 0x000000008c300000, 0x000000008c400000|  0%| F|  |TAMS 0x000000008c300000, 0x000000008c300000| Untracked 
| 196|0x000000008c400000, 0x000000008c400000, 0x000000008c500000|  0%| F|  |TAMS 0x000000008c400000, 0x000000008c400000| Untracked 
| 197|0x000000008c500000, 0x000000008c500000, 0x000000008c600000|  0%| F|  |TAMS 0x000000008c500000, 0x000000008c500000| Untracked 
| 198|0x000000008c600000, 0x000000008c600000, 0x000000008c700000|  0%| F|  |TAMS 0x000000008c600000, 0x000000008c600000| Untracked 
| 199|0x000000008c700000, 0x000000008c7e1dd0, 0x000000008c800000| 88%| E|  |TAMS 0x000000008c700000, 0x000000008c700000| Complete 
| 200|0x000000008c800000, 0x000000008c900000, 0x000000008c900000|100%| E|CS|TAMS 0x000000008c800000, 0x000000008c800000| Complete 
| 201|0x000000008c900000, 0x000000008ca00000, 0x000000008ca00000|100%| E|CS|TAMS 0x000000008c900000, 0x000000008c900000| Complete 
| 202|0x000000008ca00000, 0x000000008cb00000, 0x000000008cb00000|100%| E|CS|TAMS 0x000000008ca00000, 0x000000008ca00000| Complete 
| 203|0x000000008cb00000, 0x000000008cc00000, 0x000000008cc00000|100%| E|CS|TAMS 0x000000008cb00000, 0x000000008cb00000| Complete 
| 204|0x000000008cc00000, 0x000000008cd00000, 0x000000008cd00000|100%| E|CS|TAMS 0x000000008cc00000, 0x000000008cc00000| Complete 
| 205|0x000000008cd00000, 0x000000008ce00000, 0x000000008ce00000|100%| E|CS|TAMS 0x000000008cd00000, 0x000000008cd00000| Complete 
| 206|0x000000008ce00000, 0x000000008cf00000, 0x000000008cf00000|100%| E|CS|TAMS 0x000000008ce00000, 0x000000008ce00000| Complete 
| 207|0x000000008cf00000, 0x000000008d000000, 0x000000008d000000|100%| E|CS|TAMS 0x000000008cf00000, 0x000000008cf00000| Complete 
| 208|0x000000008d000000, 0x000000008d100000, 0x000000008d100000|100%| E|CS|TAMS 0x000000008d000000, 0x000000008d000000| Complete 
| 209|0x000000008d100000, 0x000000008d200000, 0x000000008d200000|100%| E|CS|TAMS 0x000000008d100000, 0x000000008d100000| Complete 
| 210|0x000000008d200000, 0x000000008d300000, 0x000000008d300000|100%| E|CS|TAMS 0x000000008d200000, 0x000000008d200000| Complete 
| 211|0x000000008d300000, 0x000000008d400000, 0x000000008d400000|100%| E|CS|TAMS 0x000000008d300000, 0x000000008d300000| Complete 
| 212|0x000000008d400000, 0x000000008d500000, 0x000000008d500000|100%| E|CS|TAMS 0x000000008d400000, 0x000000008d400000| Complete 
| 213|0x000000008d500000, 0x000000008d600000, 0x000000008d600000|100%| E|CS|TAMS 0x000000008d500000, 0x000000008d500000| Complete 
| 214|0x000000008d600000, 0x000000008d700000, 0x000000008d700000|100%| E|CS|TAMS 0x000000008d600000, 0x000000008d600000| Complete 
| 215|0x000000008d700000, 0x000000008d800000, 0x000000008d800000|100%| E|CS|TAMS 0x000000008d700000, 0x000000008d700000| Complete 
| 216|0x000000008d800000, 0x000000008d900000, 0x000000008d900000|100%| E|CS|TAMS 0x000000008d800000, 0x000000008d800000| Complete 
| 217|0x000000008d900000, 0x000000008da00000, 0x000000008da00000|100%| E|CS|TAMS 0x000000008d900000, 0x000000008d900000| Complete 
| 218|0x000000008da00000, 0x000000008db00000, 0x000000008db00000|100%| E|CS|TAMS 0x000000008da00000, 0x000000008da00000| Complete 
| 219|0x000000008db00000, 0x000000008dc00000, 0x000000008dc00000|100%| E|CS|TAMS 0x000000008db00000, 0x000000008db00000| Complete 
| 220|0x000000008dc00000, 0x000000008dd00000, 0x000000008dd00000|100%| E|CS|TAMS 0x000000008dc00000, 0x000000008dc00000| Complete 
| 221|0x000000008dd00000, 0x000000008de00000, 0x000000008de00000|100%| E|  |TAMS 0x000000008dd00000, 0x000000008dd00000| Complete 
| 222|0x000000008de00000, 0x000000008df00000, 0x000000008df00000|100%| E|CS|TAMS 0x000000008de00000, 0x000000008de00000| Complete 
| 223|0x000000008df00000, 0x000000008e000000, 0x000000008e000000|100%| E|CS|TAMS 0x000000008df00000, 0x000000008df00000| Complete 
| 224|0x000000008e000000, 0x000000008e100000, 0x000000008e100000|100%| E|CS|TAMS 0x000000008e000000, 0x000000008e000000| Complete 
| 225|0x000000008e100000, 0x000000008e200000, 0x000000008e200000|100%| E|CS|TAMS 0x000000008e100000, 0x000000008e100000| Complete 
| 226|0x000000008e200000, 0x000000008e300000, 0x000000008e300000|100%| E|CS|TAMS 0x000000008e200000, 0x000000008e200000| Complete 
| 227|0x000000008e300000, 0x000000008e400000, 0x000000008e400000|100%| E|CS|TAMS 0x000000008e300000, 0x000000008e300000| Complete 
| 228|0x000000008e400000, 0x000000008e500000, 0x000000008e500000|100%| E|CS|TAMS 0x000000008e400000, 0x000000008e400000| Complete 
| 229|0x000000008e500000, 0x000000008e600000, 0x000000008e600000|100%| E|CS|TAMS 0x000000008e500000, 0x000000008e500000| Complete 
| 230|0x000000008e600000, 0x000000008e700000, 0x000000008e700000|100%| E|CS|TAMS 0x000000008e600000, 0x000000008e600000| Complete 
| 231|0x000000008e700000, 0x000000008e800000, 0x000000008e800000|100%| E|CS|TAMS 0x000000008e700000, 0x000000008e700000| Complete 
| 232|0x000000008e800000, 0x000000008e900000, 0x000000008e900000|100%| E|CS|TAMS 0x000000008e800000, 0x000000008e800000| Complete 
| 233|0x000000008e900000, 0x000000008ea00000, 0x000000008ea00000|100%| E|CS|TAMS 0x000000008e900000, 0x000000008e900000| Complete 
| 234|0x000000008ea00000, 0x000000008eb00000, 0x000000008eb00000|100%| E|CS|TAMS 0x000000008ea00000, 0x000000008ea00000| Complete 
| 235|0x000000008eb00000, 0x000000008ec00000, 0x000000008ec00000|100%| E|CS|TAMS 0x000000008eb00000, 0x000000008eb00000| Complete 
| 236|0x000000008ec00000, 0x000000008ed00000, 0x000000008ed00000|100%| E|CS|TAMS 0x000000008ec00000, 0x000000008ec00000| Complete 
| 237|0x000000008ed00000, 0x000000008ee00000, 0x000000008ee00000|100%| E|CS|TAMS 0x000000008ed00000, 0x000000008ed00000| Complete 
| 238|0x000000008ee00000, 0x000000008ef00000, 0x000000008ef00000|100%| E|CS|TAMS 0x000000008ee00000, 0x000000008ee00000| Complete 
| 239|0x000000008ef00000, 0x000000008f000000, 0x000000008f000000|100%| E|CS|TAMS 0x000000008ef00000, 0x000000008ef00000| Complete 
| 240|0x000000008f000000, 0x000000008f100000, 0x000000008f100000|100%| E|CS|TAMS 0x000000008f000000, 0x000000008f000000| Complete 
| 241|0x000000008f100000, 0x000000008f200000, 0x000000008f200000|100%| E|CS|TAMS 0x000000008f100000, 0x000000008f100000| Complete 
| 242|0x000000008f200000, 0x000000008f300000, 0x000000008f300000|100%| E|CS|TAMS 0x000000008f200000, 0x000000008f200000| Complete 
| 243|0x000000008f300000, 0x000000008f400000, 0x000000008f400000|100%| E|CS|TAMS 0x000000008f300000, 0x000000008f300000| Complete 
| 244|0x000000008f400000, 0x000000008f500000, 0x000000008f500000|100%| E|CS|TAMS 0x000000008f400000, 0x000000008f400000| Complete 
| 245|0x000000008f500000, 0x000000008f600000, 0x000000008f600000|100%| E|CS|TAMS 0x000000008f500000, 0x000000008f500000| Complete 
| 246|0x000000008f600000, 0x000000008f700000, 0x000000008f700000|100%| E|CS|TAMS 0x000000008f600000, 0x000000008f600000| Complete 
| 247|0x000000008f700000, 0x000000008f800000, 0x000000008f800000|100%| E|CS|TAMS 0x000000008f700000, 0x000000008f700000| Complete 
| 248|0x000000008f800000, 0x000000008f900000, 0x000000008f900000|100%| E|CS|TAMS 0x000000008f800000, 0x000000008f800000| Complete 
| 249|0x000000008f900000, 0x000000008fa00000, 0x000000008fa00000|100%| E|CS|TAMS 0x000000008f900000, 0x000000008f900000| Complete 
| 250|0x000000008fa00000, 0x000000008fb00000, 0x000000008fb00000|100%| E|CS|TAMS 0x000000008fa00000, 0x000000008fa00000| Complete 
| 251|0x000000008fb00000, 0x000000008fc00000, 0x000000008fc00000|100%| E|CS|TAMS 0x000000008fb00000, 0x000000008fb00000| Complete 
| 252|0x000000008fc00000, 0x000000008fd00000, 0x000000008fd00000|100%| E|CS|TAMS 0x000000008fc00000, 0x000000008fc00000| Complete 
| 253|0x000000008fd00000, 0x000000008fe00000, 0x000000008fe00000|100%| E|CS|TAMS 0x000000008fd00000, 0x000000008fd00000| Complete 
| 254|0x000000008fe00000, 0x000000008ff00000, 0x000000008ff00000|100%| E|CS|TAMS 0x000000008fe00000, 0x000000008fe00000| Complete 
| 255|0x000000008ff00000, 0x0000000090000000, 0x0000000090000000|100%| E|CS|TAMS 0x000000008ff00000, 0x000000008ff00000| Complete 

Card table byte_map: [0x0000000016730000,0x0000000016b30000] _byte_map_base: 0x0000000016330000

Marking Bits (Prev, Next): (CMBitMap*) 0x0000000003996ad0, (CMBitMap*) 0x0000000003996b10
 Prev Bits: [0x0000000016f30000, 0x0000000018f30000)
 Next Bits: [0x0000000018f30000, 0x000000001af30000)

Polling page: 0x0000000000e10000

Metaspace:

Usage:
  Non-class:     94.99 MB capacity,    89.17 MB ( 94%) used,     5.66 MB (  6%) free+waste,   158.88 KB ( <1%) overhead. 
      Class:     14.19 MB capacity,    11.41 MB ( 80%) used,     2.70 MB ( 19%) free+waste,    82.06 KB ( <1%) overhead. 
       Both:    109.18 MB capacity,   100.58 MB ( 92%) used,     8.37 MB (  8%) free+waste,   240.94 KB ( <1%) overhead. 

Virtual space:
  Non-class space:       96.00 MB reserved,      95.01 MB ( 99%) committed 
      Class space:        1.00 GB reserved,      14.25 MB (  1%) committed 
             Both:        1.09 GB reserved,     109.26 MB ( 10%) committed 

Chunk freelists:
   Non-Class:  17.00 KB
       Class:  26.00 KB
        Both:  43.00 KB

MaxMetaspaceSize: 17179869184.00 GB
CompressedClassSpaceSize: 1.00 GB

CodeHeap 'non-profiled nmethods': size=120000Kb used=8760Kb max_used=9792Kb free=111239Kb
 bounds [0x000000000ee00000, 0x000000000f7a0000, 0x0000000016330000]
CodeHeap 'profiled nmethods': size=120000Kb used=23409Kb max_used=24897Kb free=96590Kb
 bounds [0x00000000078d0000, 0x0000000009150000, 0x000000000ee00000]
CodeHeap 'non-nmethods': size=5760Kb used=1580Kb max_used=1641Kb free=4180Kb
 bounds [0x0000000007330000, 0x00000000075a0000, 0x00000000078d0000]
 total_blobs=12415 nmethods=11485 adapters=839
 compilation: enabled
              stopped_count=0, restarted_count=0
 full_count=0

Compilation events (20 events):
Event: 3909.262 Thread 0x000000001e36b030 15039       2       org.eclipse.emf.ecore.xmi.impl.XMLHelperImpl::getPrefix (377 bytes)
Event: 3909.264 Thread 0x000000001e36b030 nmethod 15039 0x0000000007b2f490 code [0x0000000007b2f7e0, 0x0000000007b30548]
Event: 3909.264 Thread 0x000000001e36b030 15041       2       org.eclipse.e4.ui.model.application.ui.advanced.impl.AreaImpl::eDerivedStructuralFeatureID (64 bytes)
Event: 3909.264 Thread 0x000000001e36b030 nmethod 15041 0x000000000801c110 code [0x000000000801c2a0, 0x000000000801c458]
Event: 3909.269 Thread 0x000000001e36b030 15044       1       org.eclipse.e4.ui.model.application.impl.ContributionImpl::getContributionURI (5 bytes)
Event: 3909.269 Thread 0x000000001e36b030 nmethod 15044 0x000000000f12fa10 code [0x000000000f12fba0, 0x000000000f12fc58]
Event: 3909.274 Thread 0x000000001e36b030 15046 %     3       org.eclipse.emf.ecore.resource.impl.ResourceImpl::detached @ 21 (44 bytes)
Event: 3909.275 Thread 0x000000001e36b030 nmethod 15046% 0x00000000086a6e10 code [0x00000000086a7060, 0x00000000086a7d08]
Event: 3909.275 Thread 0x000000001e36b030 15047       3       org.eclipse.emf.ecore.resource.impl.ResourceImpl::detached (44 bytes)
Event: 3909.275 Thread 0x000000001e36b030 nmethod 15047 0x0000000008fb8290 code [0x0000000008fb84e0, 0x0000000008fb9088]
Event: 3909.277 Thread 0x000000001e36b030 15050       2       org.eclipse.emf.ecore.impl.EClassImpl::getEAllAttributes (262 bytes)
Event: 3909.278 Thread 0x000000001e36b030 nmethod 15050 0x0000000008f58410 code [0x0000000008f58820, 0x0000000008f59898]
Event: 3909.278 Thread 0x000000001e36b030 15051       2       org.eclipse.emf.ecore.util.EcoreUtil::getID (49 bytes)
Event: 3909.279 Thread 0x000000001e36b030 nmethod 15051 0x0000000007f7c210 code [0x0000000007f7c440, 0x0000000007f7c868]
Event: 3909.283 Thread 0x000000001e36b030 15052       2       org.eclipse.e4.ui.model.application.ui.basic.impl.WindowImpl::getSharedElements (28 bytes)
Event: 3909.283 Thread 0x000000001e36b030 nmethod 15052 0x000000000844e510 code [0x000000000844e6c0, 0x000000000844e978]
Event: 3909.306 Thread 0x000000001e36b030 15059       2       org.eclipse.e4.ui.model.application.impl.ApplicationImpl::getToolBarContributions (28 bytes)
Event: 3909.306 Thread 0x000000001e36b030 nmethod 15059 0x00000000084e4590 code [0x00000000084e4740, 0x00000000084e49d8]
Event: 3909.307 Thread 0x000000001e36b030 15060       2       org.eclipse.e4.ui.model.application.ui.menu.impl.TrimContributionImpl::eGet (42 bytes)
Event: 3909.307 Thread 0x000000001e36b030 nmethod 15060 0x00000000080d9190 code [0x00000000080d9340, 0x00000000080d9488]

GC Heap History (20 events):
Event: 13.474 GC heap before
{Heap before GC invocations=8 (full 0):
 garbage-first heap   total 262144K, used 55664K [0x0000000080000000, 0x0000000100000000)
  region size 1024K, 38 young (38912K), 14 survivors (14336K)
 Metaspace       used 54586K, capacity 60166K, committed 60296K, reserved 1101824K
  class space    used 5964K, capacity 7744K, committed 7808K, reserved 1048576K
}
Event: 13.499 GC heap after
{Heap after GC invocations=9 (full 0):
 garbage-first heap   total 262144K, used 35626K [0x0000000080000000, 0x0000000100000000)
  region size 1024K, 4 young (4096K), 4 survivors (4096K)
 Metaspace       used 54586K, capacity 60166K, committed 60296K, reserved 1101824K
  class space    used 5964K, capacity 7744K, committed 7808K, reserved 1048576K
}
Event: 18.248 GC heap before
{Heap before GC invocations=10 (full 0):
 garbage-first heap   total 262144K, used 184106K [0x0000000080000000, 0x0000000100000000)
  region size 1024K, 143 young (146432K), 4 survivors (4096K)
 Metaspace       used 80420K, capacity 87698K, committed 87944K, reserved 1126400K
  class space    used 9161K, capacity 11352K, committed 11392K, reserved 1048576K
}
Event: 18.270 GC heap after
{Heap after GC invocations=11 (full 0):
 garbage-first heap   total 262144K, used 52833K [0x0000000080000000, 0x0000000100000000)
  region size 1024K, 15 young (15360K), 15 survivors (15360K)
 Metaspace       used 80420K, capacity 87698K, committed 87944K, reserved 1126400K
  class space    used 9161K, capacity 11352K, committed 11392K, reserved 1048576K
}
Event: 28.371 GC heap before
{Heap before GC invocations=12 (full 0):
 garbage-first heap   total 262144K, used 195169K [0x0000000080000000, 0x0000000100000000)
  region size 1024K, 142 young (145408K), 15 survivors (15360K)
 Metaspace       used 92188K, capacity 100420K, committed 100488K, reserved 1136640K
  class space    used 10605K, capacity 13178K, committed 13184K, reserved 1048576K
}
Event: 28.398 GC heap after
{Heap after GC invocations=13 (full 0):
 garbage-first heap   total 262144K, used 69456K [0x0000000080000000, 0x0000000100000000)
  region size 1024K, 15 young (15360K), 15 survivors (15360K)
 Metaspace       used 92188K, capacity 100420K, committed 100488K, reserved 1136640K
  class space    used 10605K, capacity 13178K, committed 13184K, reserved 1048576K
}
Event: 3486.280 GC heap before
{Heap before GC invocations=13 (full 0):
 garbage-first heap   total 262144K, used 195408K [0x0000000080000000, 0x0000000100000000)
  region size 1024K, 134 young (137216K), 15 survivors (15360K)
 Metaspace       used 94716K, capacity 103031K, committed 103176K, reserved 1138688K
  class space    used 10830K, capacity 13521K, committed 13568K, reserved 1048576K
}
Event: 3486.309 GC heap after
{Heap after GC invocations=14 (full 0):
 garbage-first heap   total 262144K, used 69120K [0x0000000080000000, 0x0000000100000000)
  region size 1024K, 6 young (6144K), 6 survivors (6144K)
 Metaspace       used 94716K, capacity 103031K, committed 103176K, reserved 1138688K
  class space    used 10830K, capacity 13521K, committed 13568K, reserved 1048576K
}
Event: 3702.159 GC heap before
{Heap before GC invocations=14 (full 0):
 garbage-first heap   total 262144K, used 198144K [0x0000000080000000, 0x0000000100000000)
  region size 1024K, 133 young (136192K), 6 survivors (6144K)
 Metaspace       used 98597K, capacity 107383K, committed 107528K, reserved 1142784K
  class space    used 11206K, capacity 14008K, committed 14080K, reserved 1048576K
}
Event: 3702.170 GC heap after
{Heap after GC invocations=15 (full 0):
 garbage-first heap   total 262144K, used 73716K [0x0000000080000000, 0x0000000100000000)
  region size 1024K, 10 young (10240K), 10 survivors (10240K)
 Metaspace       used 98597K, capacity 107383K, committed 107528K, reserved 1142784K
  class space    used 11206K, capacity 14008K, committed 14080K, reserved 1048576K
}
Event: 3843.729 GC heap before
{Heap before GC invocations=15 (full 0):
 garbage-first heap   total 262144K, used 202740K [0x0000000080000000, 0x0000000100000000)
  region size 1024K, 137 young (140288K), 10 survivors (10240K)
 Metaspace       used 101125K, capacity 109991K, committed 110088K, reserved 1144832K
  class space    used 11495K, capacity 14321K, committed 14336K, reserved 1048576K
}
Event: 3843.759 GC heap after
{Heap after GC invocations=16 (full 0):
 garbage-first heap   total 262144K, used 84421K [0x0000000080000000, 0x0000000100000000)
  region size 1024K, 18 young (18432K), 18 survivors (18432K)
 Metaspace       used 101125K, capacity 109991K, committed 110088K, reserved 1144832K
  class space    used 11495K, capacity 14321K, committed 14336K, reserved 1048576K
}
Event: 3867.325 GC heap before
{Heap before GC invocations=16 (full 0):
 garbage-first heap   total 262144K, used 202181K [0x0000000080000000, 0x0000000100000000)
  region size 1024K, 134 young (137216K), 18 survivors (18432K)
 Metaspace       used 101317K, capacity 110231K, committed 110344K, reserved 1144832K
  class space    used 11502K, capacity 14329K, committed 14336K, reserved 1048576K
}
Event: 3867.345 GC heap after
{Heap after GC invocations=17 (full 0):
 garbage-first heap   total 262144K, used 91354K [0x0000000080000000, 0x0000000100000000)
  region size 1024K, 9 young (9216K), 9 survivors (9216K)
 Metaspace       used 101317K, capacity 110231K, committed 110344K, reserved 1144832K
  class space    used 11502K, capacity 14329K, committed 14336K, reserved 1048576K
}
Event: 3868.002 GC heap before
{Heap before GC invocations=17 (full 0):
 garbage-first heap   total 262144K, used 203994K [0x0000000080000000, 0x0000000100000000)
  region size 1024K, 120 young (122880K), 9 survivors (9216K)
 Metaspace       used 101402K, capacity 110359K, committed 110600K, reserved 1146880K
  class space    used 11506K, capacity 14329K, committed 14336K, reserved 1048576K
}
Event: 3868.016 GC heap after
{Heap after GC invocations=18 (full 0):
 garbage-first heap   total 262144K, used 95744K [0x0000000080000000, 0x0000000100000000)
  region size 1024K, 5 young (5120K), 5 survivors (5120K)
 Metaspace       used 101402K, capacity 110359K, committed 110600K, reserved 1146880K
  class space    used 11506K, capacity 14329K, committed 14336K, reserved 1048576K
}
Event: 3868.840 GC heap before
{Heap before GC invocations=18 (full 0):
 garbage-first heap   total 262144K, used 207360K [0x0000000080000000, 0x0000000100000000)
  region size 1024K, 115 young (117760K), 5 survivors (5120K)
 Metaspace       used 101427K, capacity 110359K, committed 110600K, reserved 1146880K
  class space    used 11506K, capacity 14329K, committed 14336K, reserved 1048576K
}
Event: 3868.843 GC heap after
{Heap after GC invocations=19 (full 0):
 garbage-first heap   total 262144K, used 92173K [0x0000000080000000, 0x0000000100000000)
  region size 1024K, 2 young (2048K), 2 survivors (2048K)
 Metaspace       used 101427K, capacity 110359K, committed 110600K, reserved 1146880K
  class space    used 11506K, capacity 14329K, committed 14336K, reserved 1048576K
}
Event: 3894.713 GC heap before
{Heap before GC invocations=19 (full 0):
 garbage-first heap   total 262144K, used 209933K [0x0000000080000000, 0x0000000100000000)
  region size 1024K, 118 young (120832K), 2 survivors (2048K)
 Metaspace       used 101840K, capacity 110661K, committed 110984K, reserved 1146880K
  class space    used 11538K, capacity 14366K, committed 14464K, reserved 1048576K
}
Event: 3894.717 GC heap after
{Heap after GC invocations=20 (full 0):
 garbage-first heap   total 262144K, used 91933K [0x0000000080000000, 0x0000000100000000)
  region size 1024K, 2 young (2048K), 2 survivors (2048K)
 Metaspace       used 101840K, capacity 110661K, committed 110984K, reserved 1146880K
  class space    used 11538K, capacity 14366K, committed 14464K, reserved 1048576K
}

Deoptimization events (20 events):
Event: 3909.270 Thread 0x0000000022ecde40 DEOPT PACKING pc=0x0000000008b2ea5c sp=0x000000000121edc0
Event: 3909.270 Thread 0x0000000022ecde40 DEOPT UNPACKING pc=0x000000000737e23f sp=0x000000000121e2b0 mode 0
Event: 3909.275 Thread 0x0000000022ecde40 DEOPT PACKING pc=0x0000000007f8c3b2 sp=0x000000000121ed70
Event: 3909.275 Thread 0x0000000022ecde40 DEOPT UNPACKING pc=0x000000000737e23f sp=0x000000000121e2f8 mode 0
Event: 3909.276 Thread 0x0000000022ecde40 DEOPT PACKING pc=0x00000000086a7c27 sp=0x000000000121ed50
Event: 3909.276 Thread 0x0000000022ecde40 DEOPT UNPACKING pc=0x000000000737e23f sp=0x000000000121e2f8 mode 0
Event: 3909.278 Thread 0x0000000022ecde40 DEOPT PACKING pc=0x0000000008b36857 sp=0x000000000121ee30
Event: 3909.278 Thread 0x0000000022ecde40 DEOPT UNPACKING pc=0x000000000737e23f sp=0x000000000121e2e8 mode 0
Event: 3909.284 Thread 0x0000000022ecde40 DEOPT PACKING pc=0x0000000007f54c96 sp=0x000000000121eee0
Event: 3909.284 Thread 0x0000000022ecde40 DEOPT UNPACKING pc=0x000000000737e23f sp=0x000000000121e3c0 mode 0
Event: 3909.286 Thread 0x0000000022ecde40 DEOPT PACKING pc=0x0000000008b36857 sp=0x000000000121ee30
Event: 3909.286 Thread 0x0000000022ecde40 DEOPT UNPACKING pc=0x000000000737e23f sp=0x000000000121e2e8 mode 0
Event: 3909.292 Thread 0x0000000022ed04c0 DEOPT PACKING pc=0x000000000896118b sp=0x00000000239ff390
Event: 3909.292 Thread 0x0000000022ed04c0 DEOPT UNPACKING pc=0x000000000737e23f sp=0x00000000239fe860 mode 0
Event: 3909.293 Thread 0x0000000022ecde40 DEOPT PACKING pc=0x0000000008609467 sp=0x000000000121eca0
Event: 3909.293 Thread 0x0000000022ecde40 DEOPT UNPACKING pc=0x000000000737e23f sp=0x000000000121e148 mode 0
Event: 3909.297 Thread 0x0000000022ecde40 DEOPT PACKING pc=0x0000000008b36857 sp=0x000000000121ee30
Event: 3909.297 Thread 0x0000000022ecde40 DEOPT UNPACKING pc=0x000000000737e23f sp=0x000000000121e2e8 mode 0
Event: 3909.304 Thread 0x0000000022ecde40 DEOPT PACKING pc=0x0000000007f55f71 sp=0x000000000121eea0
Event: 3909.304 Thread 0x0000000022ecde40 DEOPT UNPACKING pc=0x000000000737e23f sp=0x000000000121e318 mode 0

Classes unloaded (0 events):
No events

Classes redefined (0 events):
No events

Internal exceptions (20 events):
Event: 3700.951 Thread 0x0000000003957da0 Exception <a 'java/io/FileNotFoundException'{0x000000008952d070}> (0x000000008952d070) 
thrown [./open/src/hotspot/share/prims/jni.cpp, line 578]
Event: 3701.008 Thread 0x0000000003957da0 Exception <a 'java/lang/ClassNotFoundException'{0x00000000895cd018}: com/sun/org/apache/xml/internal/serializer/spi/XMLEntitiesProvider> (0x00000000895cd018) 
thrown [./open/src/hotspot/share/classfile/systemDictionary.cpp, line 295]
Event: 3701.094 Thread 0x0000000003957da0 Exception <a 'java/io/FileNotFoundException'{0x00000000892929e8}> (0x00000000892929e8) 
thrown [./open/src/hotspot/share/prims/jni.cpp, line 578]
Event: 3701.204 Thread 0x0000000003957da0 Exception <a 'java/io/FileNotFoundException'{0x0000000089044d28}> (0x0000000089044d28) 
thrown [./open/src/hotspot/share/prims/jni.cpp, line 578]
Event: 3701.320 Thread 0x0000000003957da0 Implicit null exception at 0x000000000f1dcca5 to 0x000000000f1de26c
Event: 3705.337 Thread 0x0000000003957da0 Exception <a 'java/lang/NoSuchMethodError'{0x000000008f90ae50}: 'void java.lang.invoke.DirectMethodHandle$Holder.invokeSpecial(java.lang.Object, java.lang.Object, int, java.lang.Object)'> (0x000000008f90ae50) 
thrown [./open/src/hotspot/share/interpreter/linkResolver.cpp, line 782]
Event: 3705.436 Thread 0x0000000003957da0 Exception <a 'java/lang/NoSuchMethodError'{0x000000008f84c7f0}: 'int java.lang.invoke.DirectMethodHandle$Holder.invokeInterface(java.lang.Object, java.lang.Object, java.lang.Object, java.lang.Object)'> (0x000000008f84c7f0) 
thrown [./open/src/hotspot/share/interpreter/linkResolver.cpp, line 782]
Event: 3710.072 Thread 0x0000000003957da0 Exception <a 'java/lang/NoSuchMethodError'{0x000000008deab118}: 'void java.lang.invoke.DirectMethodHandle$Holder.invokeStatic(java.lang.Object, java.lang.Object, java.lang.Object, int, java.lang.Object)'> (0x000000008deab118) 
thrown [./open/src/hotspot/share/interpreter/linkResolver.cpp, line 782]
Event: 3710.174 Thread 0x0000000003957da0 Exception <a 'java/lang/NoSuchMethodError'{0x000000008dec8e48}: 'java.lang.Object java.lang.invoke.DirectMethodHandle$Holder.newInvokeSpecial(java.lang.Object, java.lang.Object, long, int)'> (0x000000008dec8e48) 
thrown [./open/src/hotspot/share/interpreter/linkResolver.cpp, line 782]
Event: 3710.174 Thread 0x0000000003957da0 Exception <a 'java/lang/NoSuchMethodError'{0x000000008decd2c0}: 'java.lang.Object java.lang.invoke.DirectMethodHandle$Holder.invokeSpecial(java.lang.Object, java.lang.Object, java.lang.Object, long, int)'> (0x000000008decd2c0) 
thrown [./open/src/hotspot/share/interpreter/linkResolver.cpp, line 782]
Event: 3710.233 Thread 0x0000000003957da0 Exception <a 'java/io/FileNotFoundException'{0x000000008dd9f698}> (0x000000008dd9f698) 
thrown [./open/src/hotspot/share/prims/jni.cpp, line 578]
Event: 3818.099 Thread 0x0000000003957da0 Implicit null exception at 0x000000000f5b737b to 0x000000000f5b77c0
Event: 3818.099 Thread 0x0000000003957da0 Implicit null exception at 0x000000000f2d66ee to 0x000000000f2d6920
Event: 3903.295 Thread 0x000000001f6de6c0 Exception <a 'java/lang/NoSuchMethodError'{0x000000008ea05f98}: 'java.lang.Object java.lang.invoke.DirectMethodHandle$Holder.invokeStatic(java.lang.Object, java.lang.Object, int, int, java.lang.Object)'> (0x000000008ea05f98) 
thrown [./open/src/hotspot/share/interpreter/linkResolver.cpp, line 782]
Event: 3903.296 Thread 0x000000001f6de6c0 Exception <a 'java/lang/NoSuchMethodError'{0x000000008ea0d358}: 'java.lang.Object java.lang.invoke.DirectMethodHandle$Holder.newInvokeSpecial(java.lang.Object, java.lang.Object, int, int)'> (0x000000008ea0d358) 
thrown [./open/src/hotspot/share/interpreter/linkResolver.cpp, line 782]
Event: 3903.772 Thread 0x0000000003957da0 Exception <a 'java/lang/NoSuchMethodError'{0x000000008e47ad80}: 'void java.lang.invoke.DirectMethodHandle$Holder.invokeStatic(java.lang.Object, long, java.lang.Object)'> (0x000000008e47ad80) 
thrown [./open/src/hotspot/share/interpreter/linkResolver.cpp, line 782]
Event: 3903.773 Thread 0x0000000003957da0 Exception <a 'java/lang/NoSuchMethodError'{0x000000008e481608}: 'java.lang.Object java.lang.invoke.DirectMethodHandle$Holder.newInvokeSpecial(java.lang.Object, long, java.lang.Object)'> (0x000000008e481608) 
thrown [./open/src/hotspot/share/interpreter/linkResolver.cpp, line 782]
Event: 3903.773 Thread 0x0000000003957da0 Exception <a 'java/lang/NoSuchMethodError'{0x000000008e485658}: 'java.lang.Object java.lang.invoke.DirectMethodHandle$Holder.invokeSpecial(java.lang.Object, java.lang.Object, long, java.lang.Object)'> (0x000000008e485658) 
thrown [./open/src/hotspot/share/interpreter/linkResolver.cpp, line 782]
Event: 3904.328 Thread 0x0000000003957da0 Exception <a 'java/lang/ClassNotFoundException'{0x000000008e36b198}: sun/net/www/protocol/about/Handler> (0x000000008e36b198) 
thrown [./open/src/hotspot/share/classfile/systemDictionary.cpp, line 295]
Event: 3904.390 Thread 0x0000000003957da0 Exception <a 'java/lang/ClassNotFoundException'{0x000000008e3828c0}: sun/net/www/protocol/about/Handler> (0x000000008e3828c0) 
thrown [./open/src/hotspot/share/classfile/systemDictionary.cpp, line 295]

Events (20 events):
Event: 3905.852 Thread 0x0000000022ecd4a0 Thread added: 0x0000000022ecd4a0
Event: 3905.852 Thread 0x000000002034f080 Thread exited: 0x000000002034f080
Event: 3905.854 Thread 0x0000000022ece310 Thread added: 0x0000000022ece310
Event: 3905.871 Thread 0x0000000022ece310 Thread exited: 0x0000000022ece310
Event: 3906.131 Thread 0x0000000022ece310 Thread added: 0x0000000022ece310
Event: 3906.135 Thread 0x0000000022ece310 Thread exited: 0x0000000022ece310
Event: 3906.226 Loaded shared library C:\Users\Meu Computador\eclipse\php-2020-12\eclipse\configuration\org.eclipse.osgi\392\0\.cp\swt-win32-4940r23.dll
Event: 3907.223 Executing VM operation: HandshakeAllThreads
Event: 3907.223 Executing VM operation: HandshakeAllThreads done
Event: 3907.975 Thread 0x0000000022ecd4a0 Thread exited: 0x0000000022ecd4a0
Event: 3908.044 Thread 0x0000000022cff550 Thread added: 0x0000000022cff550
Event: 3908.045 Thread 0x000000001f7edfb0 Thread added: 0x000000001f7edfb0
Event: 3908.062 Thread 0x000000001f7edfb0 Thread exited: 0x000000001f7edfb0
Event: 3908.223 Executing VM operation: HandshakeAllThreads
Event: 3908.223 Executing VM operation: HandshakeAllThreads done
Event: 3908.672 Thread 0x0000000022ececb0 Thread added: 0x0000000022ececb0
Event: 3908.673 Thread 0x0000000022ececb0 Thread exited: 0x0000000022ececb0
Event: 3909.182 Thread 0x0000000022d3c570 Thread added: 0x0000000022d3c570
Event: 3909.224 Executing VM operation: HandshakeAllThreads
Event: 3909.224 Executing VM operation: HandshakeAllThreads done


Dynamic libraries:
0x00007ff6bcae0000 - 0x00007ff6bcb4a000 	C:\Users\Meu Computador\eclipse\php-2020-12\eclipse\eclipse.exe
0x00007ffe78450000 - 0x00007ffe78645000 	C:\WINDOWS\SYSTEM32\ntdll.dll
0x00007ffe77480000 - 0x00007ffe7753e000 	C:\WINDOWS\System32\KERNEL32.DLL
0x00007ffe76050000 - 0x00007ffe76318000 	C:\WINDOWS\System32\KERNELBASE.dll
0x00007ffe76580000 - 0x00007ffe76721000 	C:\WINDOWS\System32\USER32.dll
0x00007ffe75e60000 - 0x00007ffe75e82000 	C:\WINDOWS\System32\win32u.dll
0x00007ffe77f70000 - 0x00007ffe77f9b000 	C:\WINDOWS\System32\GDI32.dll
0x00007ffe76470000 - 0x00007ffe7657d000 	C:\WINDOWS\System32\gdi32full.dll
0x00007ffe75fb0000 - 0x00007ffe7604d000 	C:\WINDOWS\System32\msvcp_win.dll
0x00007ffe76320000 - 0x00007ffe76420000 	C:\WINDOWS\System32\ucrtbase.dll
0x00007ffe63270000 - 0x00007ffe6350a000 	C:\WINDOWS\WinSxS\amd64_microsoft.windows.common-controls_6595b64144ccf1df_6.0.19041.1110_none_60b5254171f9507e\COMCTL32.dll
0x00007ffe77b80000 - 0x00007ffe77c1e000 	C:\WINDOWS\System32\msvcrt.dll
0x00007ffe77a10000 - 0x00007ffe77a40000 	C:\WINDOWS\System32\IMM32.DLL
0x00007ffe625a0000 - 0x00007ffe625ca000 	C:\Users\Meu Computador\.p2\pool\plugins\org.eclipse.equinox.launcher.win32.win32.x86_64_1.2.0.v20200915-1442\eclipse_11100.dll
0x00007ffe775a0000 - 0x00007ffe7764c000 	C:\WINDOWS\System32\ADVAPI32.dll
0x00007ffe77e70000 - 0x00007ffe77f0b000 	C:\WINDOWS\System32\sechost.dll
0x00007ffe77d40000 - 0x00007ffe77e6a000 	C:\WINDOWS\System32\RPCRT4.dll
0x00007ffe6d7b0000 - 0x00007ffe6d7ba000 	C:\WINDOWS\SYSTEM32\VERSION.dll
0x00007ffe73680000 - 0x00007ffe7371e000 	C:\WINDOWS\system32\uxtheme.dll
0x00007ffe77fb0000 - 0x00007ffe78305000 	C:\WINDOWS\System32\combase.dll
0x00007ffe77c20000 - 0x00007ffe77d35000 	C:\WINDOWS\System32\MSCTF.dll
0x00007ffe76730000 - 0x00007ffe767fd000 	C:\WINDOWS\System32\OLEAUT32.dll
0x00007ffe73a80000 - 0x00007ffe73a92000 	C:\WINDOWS\SYSTEM32\kernel.appcore.dll
0x00007ffe75f20000 - 0x00007ffe75fa2000 	C:\WINDOWS\System32\bcryptPrimitives.dll
0x00007ffe6ab40000 - 0x00007ffe6ac39000 	C:\WINDOWS\SYSTEM32\textinputframework.dll
0x00007ffe72c90000 - 0x00007ffe72fee000 	C:\WINDOWS\System32\CoreUIComponents.dll
0x00007ffe73020000 - 0x00007ffe73112000 	C:\WINDOWS\System32\CoreMessaging.dll
0x00007ffe77a40000 - 0x00007ffe77aab000 	C:\WINDOWS\System32\WS2_32.dll
0x00007ffe77ac0000 - 0x00007ffe77b6d000 	C:\WINDOWS\System32\SHCORE.dll
0x00007ffe74940000 - 0x00007ffe74973000 	C:\WINDOWS\SYSTEM32\ntmarta.dll
0x00007ffe72590000 - 0x00007ffe726e4000 	C:\WINDOWS\SYSTEM32\wintypes.dll
0x00007ffe43af0000 - 0x00007ffe4464e000 	C:\Users\Meu Computador\.p2\pool\plugins\org.eclipse.justj.openjdk.hotspot.jre.full.win32.x86_64_15.0.2.v20210201-0955\jre\bin\server\jvm.dll
0x00007ffe77b70000 - 0x00007ffe77b78000 	C:\WINDOWS\System32\PSAPI.DLL
0x00007ffe5cdc0000 - 0x00007ffe5cde7000 	C:\WINDOWS\SYSTEM32\WINMM.dll
0x00007ffe66870000 - 0x00007ffe6687c000 	C:\WINDOWS\SYSTEM32\VCRUNTIME140_1.dll
0x00007ffe61f30000 - 0x00007ffe61f4b000 	C:\WINDOWS\SYSTEM32\VCRUNTIME140.dll
0x00007ffe66500000 - 0x00007ffe66509000 	C:\WINDOWS\SYSTEM32\WSOCK32.dll
0x00007ffe65430000 - 0x00007ffe6543a000 	C:\Users\Meu Computador\.p2\pool\plugins\org.eclipse.justj.openjdk.hotspot.jre.full.win32.x86_64_15.0.2.v20210201-0955\jre\bin\jimage.dll
0x00007ffe648d0000 - 0x00007ffe64ab4000 	C:\WINDOWS\SYSTEM32\DBGHELP.DLL
0x00007ffe64810000 - 0x00007ffe6483c000 	C:\WINDOWS\SYSTEM32\dbgcore.DLL
0x00007ffe61a60000 - 0x00007ffe61a85000 	C:\Users\Meu Computador\.p2\pool\plugins\org.eclipse.justj.openjdk.hotspot.jre.full.win32.x86_64_15.0.2.v20210201-0955\jre\bin\java.dll
0x00007ffe61a40000 - 0x00007ffe61a58000 	C:\Users\Meu Computador\.p2\pool\plugins\org.eclipse.justj.openjdk.hotspot.jre.full.win32.x86_64_15.0.2.v20210201-0955\jre\bin\zip.dll
0x00007ffe76d30000 - 0x00007ffe77474000 	C:\WINDOWS\System32\SHELL32.dll
0x00007ffe73d60000 - 0x00007ffe744f4000 	C:\WINDOWS\SYSTEM32\windows.storage.dll
0x00007ffe756a0000 - 0x00007ffe756ce000 	C:\WINDOWS\SYSTEM32\Wldp.dll
0x00007ffe77880000 - 0x00007ffe778d5000 	C:\WINDOWS\System32\shlwapi.dll
0x00007ffe75b90000 - 0x00007ffe75baf000 	C:\WINDOWS\SYSTEM32\profapi.dll
0x00007ffe61990000 - 0x00007ffe619a9000 	C:\Users\Meu Computador\.p2\pool\plugins\org.eclipse.justj.openjdk.hotspot.jre.full.win32.x86_64_15.0.2.v20210201-0955\jre\bin\net.dll
0x00007ffe6e020000 - 0x00007ffe6e12c000 	C:\WINDOWS\SYSTEM32\WINHTTP.dll
0x00007ffe75400000 - 0x00007ffe7546a000 	C:\WINDOWS\system32\mswsock.dll
0x00007ffe61030000 - 0x00007ffe61042000 	C:\Users\Meu Computador\.p2\pool\plugins\org.eclipse.justj.openjdk.hotspot.jre.full.win32.x86_64_15.0.2.v20210201-0955\jre\bin\nio.dll
0x00007ffe755f0000 - 0x00007ffe75608000 	C:\WINDOWS\SYSTEM32\CRYPTSP.dll
0x00007ffe74d10000 - 0x00007ffe74d44000 	C:\WINDOWS\system32\rsaenh.dll
0x00007ffe75e90000 - 0x00007ffe75eb7000 	C:\WINDOWS\System32\bcrypt.dll
0x00007ffe75b50000 - 0x00007ffe75b7e000 	C:\WINDOWS\SYSTEM32\USERENV.dll
0x00007ffe75610000 - 0x00007ffe7561c000 	C:\WINDOWS\SYSTEM32\CRYPTBASE.dll
0x00007ffe750a0000 - 0x00007ffe750db000 	C:\WINDOWS\SYSTEM32\IPHLPAPI.DLL
0x00007ffe77fa0000 - 0x00007ffe77fa8000 	C:\WINDOWS\System32\NSI.dll
0x00007ffe6ee80000 - 0x00007ffe6ee97000 	C:\WINDOWS\SYSTEM32\dhcpcsvc6.DLL
0x00007ffe6f6c0000 - 0x00007ffe6f6dd000 	C:\WINDOWS\SYSTEM32\dhcpcsvc.DLL
0x00007ffe750f0000 - 0x00007ffe751bb000 	C:\WINDOWS\SYSTEM32\DNSAPI.dll
0x00007ffe62590000 - 0x00007ffe625a0000 	C:\Users\Meu Computador\.p2\pool\plugins\org.eclipse.justj.openjdk.hotspot.jre.full.win32.x86_64_15.0.2.v20210201-0955\jre\bin\verify.dll
0x00007ffe53520000 - 0x00007ffe535d4000 	C:\Users\Meu Computador\eclipse\php-2020-12\eclipse\configuration\org.eclipse.osgi\392\0\.cp\swt-win32-4940r23.dll
0x00007ffe778e0000 - 0x00007ffe77a0a000 	C:\WINDOWS\System32\ole32.dll
0x00007ffe78310000 - 0x00007ffe783ea000 	C:\WINDOWS\System32\COMDLG32.dll
0x00007ffe59a10000 - 0x00007ffe59a76000 	C:\WINDOWS\SYSTEM32\OLEACC.dll
0x00007ffe5e370000 - 0x00007ffe5e405000 	C:\WINDOWS\SYSTEM32\WINSPOOL.DRV
0x00007ffe5c400000 - 0x00007ffe5c419000 	C:\WINDOWS\SYSTEM32\USP10.dll
0x00007ffe6b980000 - 0x00007ffe6be58000 	C:\WINDOWS\SYSTEM32\WININET.dll
0x00007ffe71ed0000 - 0x00007ffe71fc6000 	C:\WINDOWS\SYSTEM32\PROPSYS.dll
0x00007ffe6c2a0000 - 0x00007ffe6c48b000 	C:\WINDOWS\SYSTEM32\urlmon.dll
0x00007ffe70a90000 - 0x00007ffe70a97000 	C:\WINDOWS\SYSTEM32\MSIMG32.dll
0x00007ffe6bff0000 - 0x00007ffe6c2a0000 	C:\WINDOWS\SYSTEM32\iertutil.dll
0x00007ffe6bfc0000 - 0x00007ffe6bfe8000 	C:\WINDOWS\SYSTEM32\srvcli.dll
0x00007ffe750e0000 - 0x00007ffe750ec000 	C:\WINDOWS\SYSTEM32\netutils.dll
0x00007ffe76800000 - 0x00007ffe768a9000 	C:\WINDOWS\System32\clbcatq.dll
0x00007ffe71770000 - 0x00007ffe7177d000 	C:\WINDOWS\SYSTEM32\LINKINFO.dll
0x00007ffe564b0000 - 0x00007ffe5662e000 	C:\Windows\System32\TaskFlowDataEngine.dll
0x00007ffe5de00000 - 0x00007ffe5e2a1000 	C:\Windows\System32\cdp.dll
0x00007ffe75d00000 - 0x00007ffe75e56000 	C:\WINDOWS\System32\CRYPT32.dll
0x00007ffe75080000 - 0x00007ffe75092000 	C:\Windows\System32\UMPDC.dll
0x00007ffe76420000 - 0x00007ffe7646e000 	C:\WINDOWS\System32\cfgmgr32.dll
0x00007ffe73310000 - 0x00007ffe7344f000 	C:\Windows\System32\dsreg.dll
0x00007ffe74da0000 - 0x00007ffe74e2a000 	C:\Windows\System32\msvcp110_win.dll
0x00007ffe60580000 - 0x00007ffe605a6000 	C:\Users\Meu Computador\eclipse\php-2020-12\eclipse\configuration\org.eclipse.osgi\392\0\.cp\swt-gdip-win32-4940r23.dll
0x00007ffe58bd0000 - 0x00007ffe58d79000 	C:\WINDOWS\WinSxS\amd64_microsoft.windows.gdiplus_6595b64144ccf1df_1.1.19041.1348_none_91a2627ccc89e3fb\gdiplus.dll
0x00007ffe6f150000 - 0x00007ffe6f304000 	C:\WINDOWS\SYSTEM32\WindowsCodecs.dll
0x00007ffe68440000 - 0x00007ffe684ec000 	C:\WINDOWS\SYSTEM32\TextShaping.dll
0x00007ffe60530000 - 0x00007ffe60541000 	C:\Users\Meu Computador\eclipse\php-2020-12\eclipse\configuration\org.eclipse.osgi\90\0\.cp\jWinHttp-1.0.0.dll
0x00007ffe599d0000 - 0x00007ffe59a0e000 	C:\WINDOWS\system32\dataexchange.dll
0x00007ffe71c60000 - 0x00007ffe71ec4000 	C:\WINDOWS\system32\d3d11.dll
0x00007ffe726f0000 - 0x00007ffe728d5000 	C:\WINDOWS\system32\dcomp.dll
0x00007ffe74540000 - 0x00007ffe74634000 	C:\WINDOWS\system32\dxgi.dll
0x00007ffe6f770000 - 0x00007ffe6f971000 	C:\WINDOWS\system32\twinapi.appcore.dll
0x0000000180000000 - 0x0000000180012000 	C:\Users\Meu Computador\eclipse\php-2020-12\eclipse\configuration\org.eclipse.osgi\87\0\.cp\os\win32\x86_64\localfile_1_0_0.dll
0x00007ffe59070000 - 0x00007ffe590d6000 	C:\Windows\System32\thumbcache.dll
0x00007ffe708c0000 - 0x00007ffe70960000 	C:\WINDOWS\SYSTEM32\policymanager.dll
0x00007ffe603f0000 - 0x00007ffe60432000 	C:\WINDOWS\system32\mlang.dll
0x00007ffe597b0000 - 0x00007ffe599d0000 	C:\WINDOWS\system32\explorerframe.dll
0x00007ffe68660000 - 0x00007ffe688e3000 	C:\WINDOWS\SYSTEM32\DWrite.dll
0x00007ffe619b0000 - 0x00007ffe61a2d000 	C:\WINDOWS\SYSTEM32\ntshrui.dll
0x00007ffe75b10000 - 0x00007ffe75b41000 	C:\WINDOWS\SYSTEM32\SspiCli.dll
0x00007ffe5c1e0000 - 0x00007ffe5c1f2000 	C:\WINDOWS\SYSTEM32\cscapi.dll
0x00007ffe6d700000 - 0x00007ffe6d70a000 	C:\Windows\System32\rasadhlp.dll
0x00007ffe6c5e0000 - 0x00007ffe6c65f000 	C:\WINDOWS\System32\fwpuclnt.dll
0x00007ffe62500000 - 0x00007ffe6250d000 	C:\Users\Meu Computador\.p2\pool\plugins\org.eclipse.justj.openjdk.hotspot.jre.full.win32.x86_64_15.0.2.v20210201-0955\jre\bin\sunmscapi.dll
0x00007ffe75710000 - 0x00007ffe75737000 	C:\WINDOWS\SYSTEM32\ncrypt.dll
0x00007ffe756d0000 - 0x00007ffe7570b000 	C:\WINDOWS\SYSTEM32\NTASN1.dll
0x00007ffe5b150000 - 0x00007ffe5b2fe000 	C:\WINDOWS\SYSTEM32\DUI70.dll
0x00007ffe5bef0000 - 0x00007ffe5bf85000 	C:\WINDOWS\SYSTEM32\DUser.dll
0x00007ffe73a50000 - 0x00007ffe73a7f000 	C:\WINDOWS\SYSTEM32\dwmapi.dll
0x00007ffe58f80000 - 0x00007ffe58fa4000 	C:\WINDOWS\SYSTEM32\edputil.dll
0x00007ffe56680000 - 0x00007ffe56976000 	C:\Windows\System32\uiautomationcore.dll
0x00007ffe75a60000 - 0x00007ffe75b02000 	C:\WINDOWS\SYSTEM32\sxs.dll
0x00007ffe5c3b0000 - 0x00007ffe5c3bd000 	C:\WINDOWS\SYSTEM32\atlthunk.dll
0x00007ffe65680000 - 0x00007ffe65726000 	C:\WINDOWS\System32\StructuredQuery.dll
0x00007ffe59000000 - 0x00007ffe59062000 	C:\Windows\System32\Windows.FileExplorer.Common.dll
0x00007ffe73260000 - 0x00007ffe73274000 	C:\WINDOWS\SYSTEM32\wtsapi32.dll
0x00007ffe74b50000 - 0x00007ffe74baa000 	C:\WINDOWS\SYSTEM32\WINSTA.dll
0x00007ffe5f8a0000 - 0x00007ffe5f966000 	C:\WINDOWS\system32\Windows.Storage.Search.dll
0x00007ffe77650000 - 0x00007ffe776c9000 	C:\WINDOWS\System32\coml2.dll
0x00007ffe616e0000 - 0x00007ffe61826000 	C:\Windows\System32\Windows.StateRepositoryPS.dll
0x00007ffe664c0000 - 0x00007ffe664cc000 	C:\WINDOWS\SYSTEM32\Secur32.dll
0x00007ffe5e410000 - 0x00007ffe5e42d000 	C:\WINDOWS\SYSTEM32\MPR.dll
0x00007ffe717b0000 - 0x00007ffe717bb000 	C:\WINDOWS\System32\drprov.dll
0x00007ffe62530000 - 0x00007ffe62551000 	C:\WINDOWS\System32\ntlanman.dll
0x00007ffe70e70000 - 0x00007ffe70e8e000 	C:\WINDOWS\System32\davclnt.dll
0x00007ffe716c0000 - 0x00007ffe716cd000 	C:\WINDOWS\System32\DAVHLPR.dll

dbghelp: loaded successfully - version: 4.0.5 - missing functions: none
symbol engine: initialized successfully - sym options: 0x614 - pdb path: .;C:\Users\Meu Computador\eclipse\php-2020-12\eclipse;C:\WINDOWS\SYSTEM32;C:\WINDOWS\WinSxS\amd64_microsoft.windows.common-controls_6595b64144ccf1df_6.0.19041.1110_none_60b5254171f9507e;C:\Users\Meu Computador\.p2\pool\plugins\org.eclipse.equinox.launcher.win32.win32.x86_64_1.2.0.v20200915-1442;C:\Users\Meu Computador\.p2\pool\plugins\org.eclipse.justj.openjdk.hotspot.jre.full.win32.x86_64_15.0.2.v20210201-0955\jre\bin\server;C:\Users\Meu Computador\.p2\pool\plugins\org.eclipse.justj.openjdk.hotspot.jre.full.win32.x86_64_15.0.2.v20210201-0955\jre\bin;C:\Users\Meu Computador\eclipse\php-2020-12\eclipse\configuration\org.eclipse.osgi\392\0\.cp;C:\WINDOWS\WinSxS\amd64_microsoft.windows.gdiplus_6595b64144ccf1df_1.1.19041.1348_none_91a2627ccc89e3fb;C:\Users\Meu Computador\eclipse\php-2020-12\eclipse\configuration\org.eclipse.osgi\90\0\.cp;C:\Users\Meu Computador\eclipse\php-2020-12\eclipse\configuration\org.eclipse.osgi\87\0\.cp\os\win32\x86_64;C:\Program Files\Common Files\microsoft shared\ink

VM Arguments:
jvm_args: -Dosgi.requiredJavaVersion=11 -Dosgi.instance.area.default=@user.home/eclipse-workspace -XX:+UseG1GC -XX:+UseStringDeduplication --add-modules=ALL-SYSTEM -Dosgi.requiredJavaVersion=11 -Dosgi.dataAreaRequiresExplicitInit=true -Xms256m -Xmx2048m --add-modules=ALL-SYSTEM -Declipse.p2.max.threads=10 -Doomph.update.url=http://download.eclipse.org/oomph/updates/milestone/latest -Doomph.redirection.index.redirection=index:/->http://git.eclipse.org/c/oomph/org.eclipse.oomph.git/plain/setups/ 
java_command: Eclipse
java_class_path (initial): C:\Users\Meu Computador\eclipse\php-2020-12\eclipse\\plugins/org.eclipse.equinox.launcher_1.6.0.v20200915-1508.jar
Launcher Type: generic

[Global flags]
     intx CICompilerCount                          = 3                                         {product} {ergonomic}
     uint ConcGCThreads                            = 1                                         {product} {ergonomic}
     uint G1ConcRefinementThreads                  = 4                                         {product} {ergonomic}
   size_t G1HeapRegionSize                         = 1048576                                   {product} {ergonomic}
    uintx GCDrainStackTargetSize                   = 64                                        {product} {ergonomic}
   size_t InitialHeapSize                          = 268435456                                 {product} {command line}
   size_t MarkStackSize                            = 4194304                                   {product} {ergonomic}
   size_t MaxHeapSize                              = 2147483648                                {product} {command line}
   size_t MaxNewSize                               = 1287651328                                {product} {ergonomic}
   size_t MinHeapDeltaBytes                        = 1048576                                   {product} {ergonomic}
   size_t MinHeapSize                              = 268435456                                 {product} {command line}
    uintx NonNMethodCodeHeapSize                   = 5832780                                {pd product} {ergonomic}
    uintx NonProfiledCodeHeapSize                  = 122912730                              {pd product} {ergonomic}
    uintx ProfiledCodeHeapSize                     = 122912730                              {pd product} {ergonomic}
    uintx ReservedCodeCacheSize                    = 251658240                              {pd product} {ergonomic}
     bool SegmentedCodeCache                       = true                                      {product} {ergonomic}
   size_t SoftMaxHeapSize                          = 2147483648                             {manageable} {ergonomic}
     bool UseCompressedClassPointers               = true                                 {lp64_product} {ergonomic}
     bool UseCompressedOops                        = true                                 {lp64_product} {ergonomic}
     bool UseG1GC                                  = true                                      {product} {command line}
     bool UseLargePagesIndividualAllocation        = false                                  {pd product} {ergonomic}
     bool UseStringDeduplication                   = true                                      {product} {command line}

Logging:
Log output configuration:
 #0: stdout all=warning uptime,level,tags
 #1: stderr all=off uptime,level,tags

Environment Variables:
PATH=C:\Program Files (x86)\Common Files\Oracle\Java\javapath;C:\WINDOWS\system32;C:\WINDOWS;C:\WINDOWS\System32\Wbem;C:\WINDOWS\System32\WindowsPowerShell\v1.0\;C:\WINDOWS\System32\OpenSSH\;C:\Users\Meu Computador\AppData\Local\Microsoft\WindowsApps;;C:\Users\Meu Computador\AppData\Local\Programs\Microsoft VS Code\bin
USERNAME=Adriano
OS=Windows_NT
PROCESSOR_IDENTIFIER=Intel64 Family 6 Model 58 Stepping 9, GenuineIntel



---------------  S Y S T E M  ---------------

OS:
 Windows 10 , 64 bit Build 19041 (10.0.19041.1348)
OS uptime: 18 days 3:14 hours

CPU: total 4 (initial active 4) (4 cores per cpu, 1 threads per core) family 6 model 58 stepping 9 microcode 0x21, cmov, cx8, fxsr, mmx, sse, sse2, sse3, ssse3, sse4.1, sse4.2, popcnt, vzeroupper, avx, aes, clmul, erms, tsc, tscinvbit, tscinv, clflush

Memory: 4k page, system-wide physical 8077M (516M free)
TotalPageFile size 8077M (AvailPageFile size 5M)
current process WorkingSet (physical memory assigned to process): 526M, peak: 531M
current process commit charge ("private bytes"): 615M, peak: 617M

vm_info: OpenJDK 64-Bit Server VM (15.0.2+7-27) for windows-amd64 JRE (15.0.2+7-27), built on Dec  7 2020 20:02:38 by "mach5one" with unknown MS VC++:1925

END.
